[10/25/2017 2:00 PM] canon_m3.lvclass Entering Init
[10/25/2017 2:00 PM] canon_m3.lvclass Entering Run
[10/25/2017 2:00 PM] canon_m3.lvclass Entering Init
[10/25/2017 2:00 PM] canon_m3.lvclass Entering Run
[10/25/2017 2:01 PM] canon_m3.lvclass Entering Init
[10/25/2017 2:01 PM] canon_m3.lvclass Entering Run
[10/25/2017 3:39 PM] canon_m3.lvclass Entering Init
[10/25/2017 4:54 PM] canon_m3.lvclass Entering Init
[10/25/2017 4:55 PM] canon_m3.lvclass Entering Init
[10/25/2017 4:55 PM] canon_m3.lvclass Entering Run
[10/25/2017 4:56 PM] canon_m3.lvclass Entering Init
[10/25/2017 5:03 PM] canon_m3.lvclass Entering Init
[10/25/2017 5:03 PM] canon_m3.lvclass Entering Run
[10/25/2017 5:04 PM] canon_m3.lvclass Entering Init
[10/25/2017 5:04 PM] canon_m3.lvclass Entering Run
[10/25/2017 5:05 PM] canon_m3.lvclass Entering Init
[10/25/2017 5:05 PM] canon_m3.lvclass Entering Run
[10/25/2017 5:07 PM] canon_m3.lvclass Entering Init
[10/25/2017 5:07 PM] canon_m3.lvclass Entering Run
[10/25/2017 5:07 PM] canon_m3.lvclass Entering Run
[10/25/2017 5:10 PM] canon_m3.lvclass Entering Init
[10/25/2017 5:11 PM] canon_m3.lvclass Entering Run
[10/25/2017 5:11 PM] canon_m3.lvclass Entering Run
[10/25/2017 5:13 PM] canon_m3.lvclass Entering Init
[10/25/2017 5:13 PM] canon_m3.lvclass Entering Run
[10/25/2017 5:13 PM] canon_m3.lvclass Entering Run
[10/25/2017 5:14 PM] canon_m3.lvclass Entering Init
[10/25/2017 5:14 PM] canon_m3.lvclass Entering Run
[10/25/2017 5:14 PM] canon_m3.lvclass Entering Run
[10/25/2017 5:14 PM] canon_m3.lvclass Entering Init
[10/25/2017 5:15 PM] canon_m3.lvclass Entering Run
[10/25/2017 5:15 PM] canon_m3.lvclass Entering Run
[10/25/2017 5:17 PM] canon_m3.lvclass Entering Init
[10/25/2017 5:17 PM] canon_m3.lvclass Entering Run
[10/25/2017 5:17 PM] canon_m3.lvclass Entering Run
[10/25/2017 5:22 PM] canon_m3.lvclass Entering Init
[10/25/2017 5:22 PM] canon_m3.lvclass Entering Run
[10/25/2017 5:23 PM] canon_m3.lvclass Entering Init
[10/25/2017 5:23 PM] canon_m3.lvclass Entering Init
[10/25/2017 5:23 PM] canon_m3.lvclass Entering Run
[10/25/2017 5:28 PM] canon_m3.lvclass Entering Init
[10/25/2017 5:28 PM] canon_m3.lvclass Entering Run
[10/25/2017 5:28 PM] canon_m3.lvclass Entering Run
[10/25/2017 5:28 PM] canon_m3.lvclass Entering Run
[10/25/2017 5:28 PM] canon_m3.lvclass Entering Run
[10/25/2017 5:33 PM] canon_m3.lvclass Entering Init
[10/25/2017 5:33 PM] canon_m3.lvclass Entering Run
[10/25/2017 5:33 PM] canon_m3.lvclass Entering Run
[10/25/2017 5:33 PM] canon_m3.lvclass Entering Run
[10/25/2017 5:33 PM] canon_m3.lvclass Entering Run
[10/25/2017 5:33 PM] canon_m3.lvclass Entering Run
[10/25/2017 5:33 PM] canon_m3.lvclass Entering Run
[10/25/2017 5:33 PM] canon_m3.lvclass Entering Run
[10/25/2017 5:33 PM] canon_m3.lvclass Entering Run
[10/25/2017 5:33 PM] canon_m3.lvclass Entering Run
[10/25/2017 5:33 PM] canon_m3.lvclass Entering Run
[10/25/2017 5:33 PM] canon_m3.lvclass Entering Run
[10/25/2017 5:33 PM] canon_m3.lvclass Entering Run
[10/25/2017 5:33 PM] canon_m3.lvclass Entering Run
[10/25/2017 5:33 PM] canon_m3.lvclass Entering Run
[10/25/2017 5:33 PM] canon_m3.lvclass Entering Run
[10/25/2017 5:33 PM] canon_m3.lvclass Entering Run
[10/25/2017 5:33 PM] canon_m3.lvclass Entering Run
[10/25/2017 5:33 PM] canon_m3.lvclass Entering Run
[10/25/2017 5:33 PM] canon_m3.lvclass Entering Run
[10/25/2017 5:33 PM] canon_m3.lvclass Entering Run
[10/25/2017 5:33 PM] canon_m3.lvclass Entering Run
[10/25/2017 5:33 PM] canon_m3.lvclass Entering Run
[10/25/2017 5:33 PM] canon_m3.lvclass Entering Run
[10/25/2017 5:33 PM] canon_m3.lvclass Entering Run
[10/25/2017 5:33 PM] canon_m3.lvclass Entering Run
[10/25/2017 5:33 PM] canon_m3.lvclass Entering Run
[10/25/2017 5:33 PM] canon_m3.lvclass Entering Run
[10/25/2017 5:34 PM] canon_m3.lvclass Entering Run
[10/25/2017 5:34 PM] canon_m3.lvclass Entering Run
[10/25/2017 5:34 PM] canon_m3.lvclass Entering Run
[10/25/2017 5:34 PM] canon_m3.lvclass Entering Run
[10/25/2017 5:34 PM] canon_m3.lvclass Entering Run
[10/25/2017 5:34 PM] canon_m3.lvclass Entering Run
[10/25/2017 5:34 PM] canon_m3.lvclass Entering Run
[10/25/2017 5:34 PM] canon_m3.lvclass Entering Run
[10/25/2017 5:34 PM] canon_m3.lvclass Entering Run
[10/25/2017 5:34 PM] canon_m3.lvclass Entering Run
[10/25/2017 5:34 PM] canon_m3.lvclass Entering Run
[10/25/2017 5:34 PM] canon_m3.lvclass Entering Run
[10/25/2017 5:34 PM] canon_m3.lvclass Entering Run
[10/25/2017 5:34 PM] canon_m3.lvclass Entering Run
[10/25/2017 5:34 PM] canon_m3.lvclass Entering Run
[10/25/2017 5:34 PM] canon_m3.lvclass Entering Run
[10/25/2017 5:34 PM] canon_m3.lvclass Entering Run
[10/25/2017 5:34 PM] canon_m3.lvclass Entering Run
[10/25/2017 5:34 PM] canon_m3.lvclass Entering Run
[10/25/2017 5:34 PM] canon_m3.lvclass Entering Run
[10/25/2017 5:34 PM] canon_m3.lvclass Entering Run
[10/25/2017 5:34 PM] canon_m3.lvclass Entering Run
[10/25/2017 5:34 PM] canon_m3.lvclass Entering Run
[10/25/2017 5:34 PM] canon_m3.lvclass Entering Run
[10/25/2017 5:34 PM] canon_m3.lvclass Entering Run
[10/25/2017 5:35 PM] canon_m3.lvclass Entering Init
[10/25/2017 5:36 PM] canon_m3.lvclass Entering Run
[10/25/2017 5:36 PM] canon_m3.lvclass Entering Run
[10/25/2017 5:36 PM] canon_m3.lvclass Entering Run
[10/25/2017 5:36 PM] canon_m3.lvclass Entering Run
[10/25/2017 5:36 PM] canon_m3.lvclass Entering Run
[10/25/2017 5:36 PM] canon_m3.lvclass Entering Run
[10/25/2017 5:36 PM] canon_m3.lvclass Entering Run
[10/25/2017 5:36 PM] canon_m3.lvclass Entering Run
[10/25/2017 5:36 PM] canon_m3.lvclass Entering Run
[10/25/2017 5:36 PM] canon_m3.lvclass Entering Run
[10/25/2017 5:36 PM] canon_m3.lvclass Entering Run
[10/25/2017 5:36 PM] canon_m3.lvclass Entering Run
[10/25/2017 5:36 PM] canon_m3.lvclass Entering Run
[10/25/2017 5:36 PM] canon_m3.lvclass Entering Run
[10/25/2017 5:36 PM] canon_m3.lvclass Entering Run
[10/25/2017 5:36 PM] canon_m3.lvclass Entering Run
[10/25/2017 5:36 PM] canon_m3.lvclass Entering Run
[10/25/2017 5:36 PM] canon_m3.lvclass Entering Run
[10/25/2017 5:36 PM] canon_m3.lvclass Entering Run
[10/25/2017 5:36 PM] canon_m3.lvclass Entering Run
[10/25/2017 5:36 PM] canon_m3.lvclass Entering Run
[10/25/2017 5:36 PM] canon_m3.lvclass Entering Run
[10/25/2017 5:36 PM] canon_m3.lvclass Entering Run
[10/25/2017 5:36 PM] canon_m3.lvclass Entering Run
[10/25/2017 5:36 PM] canon_m3.lvclass Entering Run
[10/25/2017 5:36 PM] canon_m3.lvclass Entering Run
[10/25/2017 5:36 PM] canon_m3.lvclass Entering Run
[10/25/2017 5:36 PM] canon_m3.lvclass Entering Run
[10/25/2017 5:36 PM] canon_m3.lvclass Entering Run
[10/25/2017 5:36 PM] canon_m3.lvclass Entering Run
[10/25/2017 5:36 PM] canon_m3.lvclass Entering Run
[10/25/2017 5:36 PM] canon_m3.lvclass Entering Run
[10/25/2017 5:36 PM] canon_m3.lvclass Entering Run
[10/25/2017 5:36 PM] canon_m3.lvclass Entering Run
[10/25/2017 5:36 PM] canon_m3.lvclass Entering Run
[10/25/2017 5:36 PM] canon_m3.lvclass Entering Run
[10/25/2017 5:36 PM] canon_m3.lvclass Entering Run
[10/25/2017 5:36 PM] canon_m3.lvclass Entering Run
[10/25/2017 5:36 PM] canon_m3.lvclass Entering Run
[10/25/2017 5:36 PM] canon_m3.lvclass Entering Run
[10/25/2017 5:36 PM] canon_m3.lvclass Entering Run
[10/25/2017 5:36 PM] canon_m3.lvclass Entering Run
[10/25/2017 5:36 PM] canon_m3.lvclass Entering Run
[10/25/2017 5:36 PM] canon_m3.lvclass Entering Run
[10/25/2017 5:36 PM] canon_m3.lvclass Entering Run
[10/25/2017 5:36 PM] canon_m3.lvclass Entering Run
[10/25/2017 5:36 PM] canon_m3.lvclass Entering Run
[10/25/2017 5:36 PM] canon_m3.lvclass Entering Run
[10/25/2017 5:36 PM] canon_m3.lvclass Entering Run
[10/25/2017 5:36 PM] canon_m3.lvclass Entering Run
[10/25/2017 5:37 PM] canon_m3.lvclass Entering Run
[10/25/2017 5:37 PM] canon_m3.lvclass Entering Run
[10/25/2017 5:37 PM] canon_m3.lvclass Entering Run
[10/25/2017 5:37 PM] canon_m3.lvclass Entering Run
[10/25/2017 5:37 PM] canon_m3.lvclass Entering Run
[10/25/2017 5:37 PM] canon_m3.lvclass Entering Run
[10/25/2017 5:37 PM] canon_m3.lvclass Entering Run
[10/25/2017 5:37 PM] canon_m3.lvclass Entering Run
[10/25/2017 5:37 PM] canon_m3.lvclass Entering Run
[10/25/2017 5:37 PM] canon_m3.lvclass Entering Run
[10/25/2017 5:37 PM] canon_m3.lvclass Entering Run
[10/25/2017 5:37 PM] canon_m3.lvclass Entering Run
[10/25/2017 5:37 PM] canon_m3.lvclass Entering Run
[10/25/2017 5:37 PM] canon_m3.lvclass Entering Run
[10/25/2017 5:37 PM] canon_m3.lvclass Entering Run
[10/25/2017 5:37 PM] canon_m3.lvclass Entering Run
[10/25/2017 5:37 PM] canon_m3.lvclass Entering Run
[10/25/2017 5:37 PM] canon_m3.lvclass Entering Run
[10/25/2017 5:37 PM] canon_m3.lvclass Entering Run
[10/25/2017 5:37 PM] canon_m3.lvclass Entering Run
[10/25/2017 5:37 PM] canon_m3.lvclass Entering Run
[10/25/2017 5:37 PM] canon_m3.lvclass Entering Run
[10/25/2017 5:37 PM] canon_m3.lvclass Entering Run
[10/25/2017 5:37 PM] canon_m3.lvclass Entering Run
[10/25/2017 5:37 PM] canon_m3.lvclass Entering Run
[10/25/2017 5:37 PM] canon_m3.lvclass Entering Run
[10/25/2017 5:37 PM] canon_m3.lvclass Entering Run
[10/25/2017 5:37 PM] canon_m3.lvclass Entering Run
[10/25/2017 5:37 PM] canon_m3.lvclass Entering Run
[10/25/2017 5:37 PM] canon_m3.lvclass Entering Run
[10/25/2017 5:37 PM] canon_m3.lvclass Entering Run
[10/25/2017 5:37 PM] canon_m3.lvclass Entering Run
[10/25/2017 5:37 PM] canon_m3.lvclass Entering Run
[10/25/2017 5:37 PM] canon_m3.lvclass Entering Run
[10/25/2017 5:37 PM] canon_m3.lvclass Entering Run
[10/25/2017 5:37 PM] canon_m3.lvclass Entering Run
[10/25/2017 5:37 PM] canon_m3.lvclass Entering Run
[10/25/2017 5:37 PM] canon_m3.lvclass Entering Run
[10/25/2017 5:37 PM] canon_m3.lvclass Entering Run
[10/25/2017 5:37 PM] canon_m3.lvclass Entering Run
[10/25/2017 5:37 PM] canon_m3.lvclass Entering Run
[10/25/2017 5:37 PM] canon_m3.lvclass Entering Run
[10/25/2017 5:37 PM] canon_m3.lvclass Entering Run
[10/25/2017 5:37 PM] canon_m3.lvclass Entering Run
[10/25/2017 5:37 PM] canon_m3.lvclass Entering Run
[10/25/2017 5:37 PM] canon_m3.lvclass Entering Run
[10/25/2017 5:37 PM] canon_m3.lvclass Entering Run
[10/25/2017 5:37 PM] canon_m3.lvclass Entering Run
[10/25/2017 5:37 PM] canon_m3.lvclass Entering Run
[10/25/2017 5:37 PM] canon_m3.lvclass Entering Run
[10/25/2017 5:37 PM] canon_m3.lvclass Entering Run
[10/25/2017 5:37 PM] canon_m3.lvclass Entering Run
[10/25/2017 5:37 PM] canon_m3.lvclass Entering Run
[10/25/2017 5:37 PM] canon_m3.lvclass Entering Run
[10/25/2017 5:37 PM] canon_m3.lvclass Entering Run
[10/25/2017 5:37 PM] canon_m3.lvclass Entering Run
[10/25/2017 5:37 PM] canon_m3.lvclass Entering Run
[10/25/2017 5:37 PM] canon_m3.lvclass Entering Run
[10/25/2017 5:37 PM] canon_m3.lvclass Entering Run
[10/25/2017 5:37 PM] canon_m3.lvclass Entering Run
[10/25/2017 5:37 PM] canon_m3.lvclass Entering Run
[10/25/2017 5:37 PM] canon_m3.lvclass Entering Run
[10/25/2017 5:37 PM] canon_m3.lvclass Entering Run
[10/25/2017 5:37 PM] canon_m3.lvclass Entering Run
[10/25/2017 5:37 PM] canon_m3.lvclass Entering Run
[10/25/2017 5:37 PM] canon_m3.lvclass Entering Run
[10/25/2017 5:37 PM] canon_m3.lvclass Entering Run
[10/25/2017 5:37 PM] canon_m3.lvclass Entering Run
[10/25/2017 5:37 PM] canon_m3.lvclass Entering Run
[10/25/2017 5:37 PM] canon_m3.lvclass Entering Run
[10/25/2017 5:37 PM] canon_m3.lvclass Entering Run
[10/25/2017 5:37 PM] canon_m3.lvclass Entering Run
[10/25/2017 5:37 PM] canon_m3.lvclass Entering Run
[10/25/2017 5:37 PM] canon_m3.lvclass Entering Run
[10/25/2017 5:37 PM] canon_m3.lvclass Entering Run
[10/25/2017 5:37 PM] canon_m3.lvclass Entering Run
[10/25/2017 5:37 PM] canon_m3.lvclass Entering Run
[10/25/2017 5:37 PM] canon_m3.lvclass Entering Run
[10/25/2017 5:37 PM] canon_m3.lvclass Entering Run
[10/25/2017 5:37 PM] canon_m3.lvclass Entering Run
[10/25/2017 5:37 PM] canon_m3.lvclass Entering Run
[10/25/2017 5:37 PM] canon_m3.lvclass Entering Run
[10/25/2017 5:37 PM] canon_m3.lvclass Entering Run
[10/25/2017 5:37 PM] canon_m3.lvclass Entering Run
[10/25/2017 5:37 PM] canon_m3.lvclass Entering Run
[10/25/2017 5:37 PM] canon_m3.lvclass Entering Run
[10/25/2017 5:37 PM] canon_m3.lvclass Entering Run
[10/25/2017 5:38 PM] canon_m3.lvclass Entering Run
[10/25/2017 5:38 PM] canon_m3.lvclass Entering Run
[10/25/2017 5:38 PM] canon_m3.lvclass Entering Run
[10/25/2017 5:38 PM] canon_m3.lvclass Entering Run
[10/25/2017 5:38 PM] canon_m3.lvclass Entering Run
[10/25/2017 5:38 PM] canon_m3.lvclass Entering Run
[10/25/2017 5:38 PM] canon_m3.lvclass Entering Run
[10/25/2017 5:38 PM] canon_m3.lvclass Entering Run
[10/25/2017 5:38 PM] canon_m3.lvclass Entering Run
[10/25/2017 5:38 PM] canon_m3.lvclass Entering Run
[10/25/2017 5:38 PM] canon_m3.lvclass Entering Run
[10/25/2017 5:38 PM] canon_m3.lvclass Entering Run
[10/25/2017 5:38 PM] canon_m3.lvclass Entering Run
[10/25/2017 5:38 PM] canon_m3.lvclass Entering Run
[10/25/2017 5:38 PM] canon_m3.lvclass Entering Run
[10/25/2017 5:38 PM] canon_m3.lvclass Entering Run
[10/25/2017 5:38 PM] canon_m3.lvclass Entering Run
[10/25/2017 5:38 PM] canon_m3.lvclass Entering Run
[10/25/2017 5:38 PM] canon_m3.lvclass Entering Run
[10/25/2017 5:38 PM] canon_m3.lvclass Entering Run
[10/25/2017 5:38 PM] canon_m3.lvclass Entering Run
[10/25/2017 5:38 PM] canon_m3.lvclass Entering Run
[10/25/2017 5:38 PM] canon_m3.lvclass Entering Run
[10/25/2017 5:38 PM] canon_m3.lvclass Entering Run
[10/25/2017 5:38 PM] canon_m3.lvclass Entering Run
[10/25/2017 5:38 PM] canon_m3.lvclass Entering Run
[10/25/2017 5:38 PM] canon_m3.lvclass Entering Run
[10/25/2017 5:38 PM] canon_m3.lvclass Entering Run
[10/25/2017 5:38 PM] canon_m3.lvclass Entering Run
[10/25/2017 5:38 PM] canon_m3.lvclass Entering Run
[10/25/2017 5:38 PM] canon_m3.lvclass Entering Run
[10/25/2017 5:38 PM] canon_m3.lvclass Entering Run
[10/25/2017 5:38 PM] canon_m3.lvclass Entering Run
[10/25/2017 5:38 PM] canon_m3.lvclass Entering Run
[10/25/2017 5:38 PM] canon_m3.lvclass Entering Run
[10/25/2017 5:38 PM] canon_m3.lvclass Entering Run
[10/25/2017 5:38 PM] canon_m3.lvclass Entering Run
[10/25/2017 5:38 PM] canon_m3.lvclass Entering Run
[10/25/2017 5:38 PM] canon_m3.lvclass Entering Run
[10/25/2017 5:38 PM] canon_m3.lvclass Entering Run
[10/25/2017 5:38 PM] canon_m3.lvclass Entering Run
[10/25/2017 5:38 PM] canon_m3.lvclass Entering Run
[10/25/2017 5:38 PM] canon_m3.lvclass Entering Run
[10/25/2017 5:38 PM] canon_m3.lvclass Entering Run
[10/25/2017 5:38 PM] canon_m3.lvclass Entering Run
[10/25/2017 5:38 PM] canon_m3.lvclass Entering Run
[10/25/2017 5:38 PM] canon_m3.lvclass Entering Run
[10/25/2017 5:38 PM] canon_m3.lvclass Entering Run
[10/25/2017 5:38 PM] canon_m3.lvclass Entering Run
[10/25/2017 5:38 PM] canon_m3.lvclass Entering Run
[10/25/2017 5:38 PM] canon_m3.lvclass Entering Run
[10/25/2017 5:38 PM] canon_m3.lvclass Entering Run
[10/25/2017 5:38 PM] canon_m3.lvclass Entering Run
[10/25/2017 5:39 PM] canon_m3.lvclass Entering Run
[10/25/2017 5:39 PM] canon_m3.lvclass Entering Run
[10/25/2017 5:39 PM] canon_m3.lvclass Entering Run
[10/25/2017 5:39 PM] canon_m3.lvclass Entering Run
[10/25/2017 5:39 PM] canon_m3.lvclass Entering Run
[10/25/2017 5:39 PM] canon_m3.lvclass Entering Run
[10/25/2017 5:39 PM] canon_m3.lvclass Entering Run
[10/25/2017 5:39 PM] canon_m3.lvclass Entering Run
[10/25/2017 5:39 PM] canon_m3.lvclass Entering Run
[10/25/2017 5:39 PM] canon_m3.lvclass Entering Run
[10/25/2017 5:39 PM] canon_m3.lvclass Entering Run
[10/25/2017 5:39 PM] canon_m3.lvclass Entering Run
[10/25/2017 5:39 PM] canon_m3.lvclass Entering Run
[10/25/2017 5:39 PM] canon_m3.lvclass Entering Run
[10/25/2017 5:39 PM] canon_m3.lvclass Entering Run
[10/25/2017 5:39 PM] canon_m3.lvclass Entering Run
[10/25/2017 5:39 PM] canon_m3.lvclass Entering Run
[10/25/2017 5:39 PM] canon_m3.lvclass Entering Run
[10/25/2017 5:39 PM] canon_m3.lvclass Entering Run
[10/25/2017 5:39 PM] canon_m3.lvclass Entering Run
[10/25/2017 5:39 PM] canon_m3.lvclass Entering Run
[10/25/2017 5:39 PM] canon_m3.lvclass Entering Run
[10/25/2017 5:39 PM] canon_m3.lvclass Entering Run
[10/25/2017 5:39 PM] canon_m3.lvclass Entering Run
[10/25/2017 5:39 PM] canon_m3.lvclass Entering Run
[10/25/2017 5:39 PM] canon_m3.lvclass Entering Run
[10/25/2017 5:39 PM] canon_m3.lvclass Entering Run
[10/25/2017 5:39 PM] canon_m3.lvclass Entering Run
[10/25/2017 5:39 PM] canon_m3.lvclass Entering Run
[10/25/2017 5:39 PM] canon_m3.lvclass Entering Run
[10/25/2017 5:39 PM] canon_m3.lvclass Entering Run
[10/25/2017 5:39 PM] canon_m3.lvclass Entering Run
[10/25/2017 5:39 PM] canon_m3.lvclass Entering Run
[10/25/2017 5:39 PM] canon_m3.lvclass Entering Run
[10/25/2017 5:39 PM] canon_m3.lvclass Entering Run
[10/25/2017 5:39 PM] canon_m3.lvclass Entering Run
[10/25/2017 5:39 PM] canon_m3.lvclass Entering Run
[10/25/2017 5:39 PM] canon_m3.lvclass Entering Run
[10/25/2017 5:39 PM] canon_m3.lvclass Entering Run
[10/25/2017 5:39 PM] canon_m3.lvclass Entering Run
[10/25/2017 5:39 PM] canon_m3.lvclass Entering Run
[10/25/2017 5:39 PM] canon_m3.lvclass Entering Run
[10/25/2017 5:40 PM] canon_m3.lvclass Entering Init
[10/25/2017 5:40 PM] canon_m3.lvclass Entering Run
[10/25/2017 5:40 PM] canon_m3.lvclass Entering Run
[10/25/2017 5:40 PM] canon_m3.lvclass Entering Run
[10/25/2017 5:40 PM] canon_m3.lvclass Entering Run
[10/25/2017 5:40 PM] canon_m3.lvclass Entering Run
[10/25/2017 5:40 PM] canon_m3.lvclass Entering Run
[10/25/2017 5:40 PM] canon_m3.lvclass Entering Run
[10/25/2017 5:40 PM] canon_m3.lvclass Entering Run
[10/25/2017 5:40 PM] canon_m3.lvclass Entering Run
[10/25/2017 5:40 PM] canon_m3.lvclass Entering Run
[10/25/2017 5:40 PM] canon_m3.lvclass Entering Run
[10/25/2017 5:40 PM] canon_m3.lvclass Entering Run
[10/25/2017 5:40 PM] canon_m3.lvclass Entering Run
[10/25/2017 5:40 PM] canon_m3.lvclass Entering Run
[10/25/2017 5:40 PM] canon_m3.lvclass Entering Run
[10/25/2017 5:40 PM] canon_m3.lvclass Entering Run
[10/25/2017 5:40 PM] canon_m3.lvclass Entering Run
[10/25/2017 5:40 PM] canon_m3.lvclass Entering Run
[10/25/2017 5:40 PM] canon_m3.lvclass Entering Run
[10/25/2017 5:40 PM] canon_m3.lvclass Entering Run
[10/25/2017 5:40 PM] canon_m3.lvclass Entering Run
[10/25/2017 5:40 PM] canon_m3.lvclass Entering Run
[10/25/2017 5:40 PM] canon_m3.lvclass Entering Run
[10/25/2017 5:40 PM] canon_m3.lvclass Entering Run
[10/25/2017 5:41 PM] canon_m3.lvclass Entering Run
[10/25/2017 5:41 PM] canon_m3.lvclass Entering Run
[10/25/2017 5:41 PM] canon_m3.lvclass Entering Run
[10/25/2017 5:41 PM] canon_m3.lvclass Entering Run
[10/25/2017 5:41 PM] canon_m3.lvclass Entering Run
[10/25/2017 5:41 PM] canon_m3.lvclass Entering Run
[10/25/2017 5:41 PM] canon_m3.lvclass Entering Run
[10/25/2017 5:41 PM] canon_m3.lvclass Entering Run
[10/25/2017 5:41 PM] canon_m3.lvclass Entering Run
[10/25/2017 5:41 PM] canon_m3.lvclass Entering Run
[10/25/2017 5:41 PM] canon_m3.lvclass Entering Run
[10/25/2017 5:41 PM] canon_m3.lvclass Entering Run
[10/25/2017 5:41 PM] canon_m3.lvclass Entering Run
[10/25/2017 5:41 PM] canon_m3.lvclass Entering Run
[10/25/2017 5:41 PM] canon_m3.lvclass Entering Run
[10/25/2017 5:41 PM] canon_m3.lvclass Entering Run
[10/25/2017 5:41 PM] canon_m3.lvclass Entering Run
[10/25/2017 5:41 PM] canon_m3.lvclass Entering Run
[10/25/2017 5:41 PM] canon_m3.lvclass Entering Run
[10/25/2017 5:41 PM] canon_m3.lvclass Entering Run
[10/25/2017 5:41 PM] canon_m3.lvclass Entering Run
[10/25/2017 5:41 PM] canon_m3.lvclass Entering Run
[10/25/2017 5:41 PM] canon_m3.lvclass Entering Run
[10/25/2017 5:41 PM] canon_m3.lvclass Entering Run
[10/25/2017 5:41 PM] canon_m3.lvclass Entering Run
[10/25/2017 5:41 PM] canon_m3.lvclass Entering Run
[10/25/2017 5:41 PM] canon_m3.lvclass Entering Run
[10/25/2017 5:41 PM] canon_m3.lvclass Entering Run
[10/25/2017 5:41 PM] canon_m3.lvclass Entering Run
[10/25/2017 5:41 PM] canon_m3.lvclass Entering Run
[10/25/2017 5:41 PM] canon_m3.lvclass Entering Run
[10/25/2017 5:41 PM] canon_m3.lvclass Entering Run
[10/25/2017 5:41 PM] canon_m3.lvclass Entering Run
[10/27/2017 6:14 PM] protocol_canonM3.lvclass Entering Init
[10/27/2017 6:14 PM] protocol_canonM3.lvclass Entering Init
[10/27/2017 6:15 PM] protocol_canonM3.lvclass Entering Init
[10/27/2017 6:15 PM] protocol_canonM3.lvclass Entering Init
[10/27/2017 6:15 PM] protocol_canonM3.lvclass Entering Init
[10/27/2017 6:16 PM] protocol_canonM3.lvclass Entering Init
[10/27/2017 6:16 PM] protocol_canonM3.lvclass Entering Init
[10/27/2017 6:16 PM] protocol_canonM3.lvclass Entering Init
[10/27/2017 6:17 PM] protocol_canonM3.lvclass Entering Init
[10/27/2017 6:23 PM] protocol_canonM3.lvclass Entering Init
[10/27/2017 6:24 PM] protocol_canonM3.lvclass Entering Run
[10/27/2017 6:24 PM] protocol_canonM3.lvclass Entering Run
[10/27/2017 6:24 PM] protocol_canonM3.lvclass Entering Run
[10/27/2017 6:24 PM] protocol_canonM3.lvclass Entering Run
[10/27/2017 6:24 PM] protocol_canonM3.lvclass Entering Run
[10/27/2017 6:24 PM] protocol_canonM3.lvclass Entering Run
[10/27/2017 6:24 PM] protocol_canonM3.lvclass Entering Run
[10/27/2017 6:24 PM] protocol_canonM3.lvclass Entering Run
[10/27/2017 6:24 PM] protocol_canonM3.lvclass Entering Run
[10/27/2017 6:24 PM] protocol_canonM3.lvclass Entering Run
[10/27/2017 6:24 PM] protocol_canonM3.lvclass Entering Run
[10/27/2017 6:24 PM] protocol_canonM3.lvclass Entering Run
[10/27/2017 6:24 PM] protocol_canonM3.lvclass Entering Run
[10/27/2017 6:24 PM] protocol_canonM3.lvclass Entering Run
[10/27/2017 6:24 PM] protocol_canonM3.lvclass Entering Run
[10/27/2017 6:24 PM] protocol_canonM3.lvclass Entering Run
[10/27/2017 6:24 PM] protocol_canonM3.lvclass Entering Run
[10/27/2017 6:24 PM] protocol_canonM3.lvclass Entering Run
[10/27/2017 6:24 PM] protocol_canonM3.lvclass Entering Run
[10/27/2017 6:24 PM] protocol_canonM3.lvclass Entering Run
[10/27/2017 6:24 PM] protocol_canonM3.lvclass Entering Run
[10/27/2017 6:24 PM] protocol_canonM3.lvclass Entering Run
[10/27/2017 6:24 PM] protocol_canonM3.lvclass Entering Run
[10/27/2017 6:24 PM] protocol_canonM3.lvclass Entering Run
[10/27/2017 6:24 PM] protocol_canonM3.lvclass Entering Run
[10/27/2017 6:24 PM] protocol_canonM3.lvclass Entering Run
[10/27/2017 6:24 PM] protocol_canonM3.lvclass Entering Run
[10/27/2017 6:24 PM] protocol_canonM3.lvclass Entering Run
[10/27/2017 6:24 PM] protocol_canonM3.lvclass Entering Run
[10/27/2017 6:24 PM] protocol_canonM3.lvclass Entering Run
[10/27/2017 6:24 PM] protocol_canonM3.lvclass Entering Run
[10/27/2017 6:24 PM] protocol_canonM3.lvclass Entering Run
[10/27/2017 6:24 PM] protocol_canonM3.lvclass Entering Run
[10/27/2017 6:24 PM] protocol_canonM3.lvclass Entering Run
[10/27/2017 6:24 PM] protocol_canonM3.lvclass Entering Run
[10/27/2017 6:24 PM] protocol_canonM3.lvclass Entering Run
[10/27/2017 6:24 PM] protocol_canonM3.lvclass Entering Run
[10/27/2017 6:24 PM] protocol_canonM3.lvclass Entering Run
[10/27/2017 6:24 PM] protocol_canonM3.lvclass Entering Run
[10/27/2017 6:24 PM] protocol_canonM3.lvclass Entering Run
[10/27/2017 6:24 PM] protocol_canonM3.lvclass Entering Run
[10/27/2017 6:24 PM] protocol_canonM3.lvclass Entering Run
[10/27/2017 6:24 PM] protocol_canonM3.lvclass Entering Run
[10/27/2017 6:24 PM] protocol_canonM3.lvclass Entering Run
[10/27/2017 6:24 PM] protocol_canonM3.lvclass Entering Run
[10/27/2017 6:24 PM] protocol_canonM3.lvclass Entering Run
[10/27/2017 6:24 PM] protocol_canonM3.lvclass Entering Run
[10/27/2017 6:25 PM] protocol_canonM3.lvclass Entering Run
[10/27/2017 6:25 PM] protocol_canonM3.lvclass Entering Run
[10/27/2017 6:25 PM] protocol_canonM3.lvclass Entering Run
[10/27/2017 6:25 PM] protocol_canonM3.lvclass Entering Run
[10/27/2017 6:25 PM] protocol_canonM3.lvclass Entering Run
[10/27/2017 6:25 PM] protocol_canonM3.lvclass Entering Run
[10/27/2017 6:25 PM] protocol_canonM3.lvclass Entering Run
[10/27/2017 6:25 PM] protocol_canonM3.lvclass Entering Run
[10/27/2017 6:25 PM] protocol_canonM3.lvclass Entering Run
[10/27/2017 6:25 PM] protocol_canonM3.lvclass Entering Run
[10/27/2017 6:25 PM] protocol_canonM3.lvclass Entering Run
[10/27/2017 6:25 PM] protocol_canonM3.lvclass Entering Run
[10/27/2017 6:25 PM] protocol_canonM3.lvclass Entering Run
[10/27/2017 6:25 PM] protocol_canonM3.lvclass Entering Run
[10/27/2017 6:25 PM] protocol_canonM3.lvclass Entering Run
[10/27/2017 6:25 PM] protocol_canonM3.lvclass Entering Run
[10/27/2017 6:25 PM] protocol_canonM3.lvclass Entering Run
[10/27/2017 6:25 PM] protocol_canonM3.lvclass Entering Run
[10/27/2017 6:25 PM] protocol_canonM3.lvclass Entering Run
[10/27/2017 6:25 PM] protocol_canonM3.lvclass Entering Run
[10/27/2017 6:25 PM] protocol_canonM3.lvclass Entering Run
[10/27/2017 6:25 PM] protocol_canonM3.lvclass Entering Run
[10/27/2017 6:25 PM] protocol_canonM3.lvclass Entering Run
[10/27/2017 6:25 PM] protocol_canonM3.lvclass Entering Run
[10/27/2017 6:25 PM] protocol_canonM3.lvclass Entering Run
[10/27/2017 6:25 PM] protocol_canonM3.lvclass Entering Run
[10/27/2017 6:25 PM] protocol_canonM3.lvclass Entering Run
[10/27/2017 6:25 PM] protocol_canonM3.lvclass Entering Run
[10/27/2017 6:25 PM] protocol_canonM3.lvclass Entering Run
[10/27/2017 6:25 PM] protocol_canonM3.lvclass Entering Run
[10/27/2017 6:25 PM] protocol_canonM3.lvclass Entering Run
[10/27/2017 6:25 PM] protocol_canonM3.lvclass Entering Run
[10/27/2017 6:25 PM] protocol_canonM3.lvclass Entering Run
[10/27/2017 6:25 PM] protocol_canonM3.lvclass Entering Run
[10/27/2017 6:25 PM] protocol_canonM3.lvclass Entering Run
[10/27/2017 6:25 PM] protocol_canonM3.lvclass Entering Run
[10/27/2017 6:25 PM] protocol_canonM3.lvclass Entering Run
[10/27/2017 6:25 PM] protocol_canonM3.lvclass Entering Run
[10/27/2017 6:25 PM] protocol_canonM3.lvclass Entering Run
[10/27/2017 6:25 PM] protocol_canonM3.lvclass Entering Run
[10/27/2017 6:25 PM] protocol_canonM3.lvclass Entering Run
[10/27/2017 6:25 PM] protocol_canonM3.lvclass Entering Run
[10/27/2017 6:25 PM] protocol_canonM3.lvclass Entering Run
[10/27/2017 6:25 PM] protocol_canonM3.lvclass Entering Run
[10/27/2017 6:25 PM] protocol_canonM3.lvclass Entering Run
[10/27/2017 6:25 PM] protocol_canonM3.lvclass Entering Run
[10/27/2017 6:25 PM] protocol_canonM3.lvclass Entering Run
[10/27/2017 6:25 PM] protocol_canonM3.lvclass Entering Run
[10/27/2017 6:25 PM] protocol_canonM3.lvclass Entering Run
[10/27/2017 6:25 PM] protocol_canonM3.lvclass Entering Run
[10/27/2017 6:25 PM] protocol_canonM3.lvclass Entering Run
[10/27/2017 6:25 PM] protocol_canonM3.lvclass Entering Run
[10/27/2017 6:25 PM] protocol_canonM3.lvclass Entering Run
[10/27/2017 6:26 PM] protocol_canonM3.lvclass Entering Run
[10/27/2017 6:26 PM] protocol_canonM3.lvclass Entering Run
[10/27/2017 6:26 PM] protocol_canonM3.lvclass Entering Run
[10/27/2017 6:26 PM] protocol_canonM3.lvclass Entering Run
[10/27/2017 6:26 PM] protocol_canonM3.lvclass Entering Run
[10/27/2017 6:26 PM] protocol_canonM3.lvclass Entering Run
[10/27/2017 6:26 PM] protocol_canonM3.lvclass Entering Run
[10/27/2017 6:26 PM] protocol_canonM3.lvclass Entering Run
[10/27/2017 6:26 PM] protocol_canonM3.lvclass Entering Run
[10/27/2017 6:26 PM] protocol_canonM3.lvclass Entering Run
[10/27/2017 6:26 PM] protocol_canonM3.lvclass Entering Run
[10/27/2017 6:26 PM] protocol_canonM3.lvclass Entering Run
[10/27/2017 6:26 PM] protocol_canonM3.lvclass Entering Run
[10/27/2017 6:26 PM] protocol_canonM3.lvclass Entering Run
[10/27/2017 6:26 PM] protocol_canonM3.lvclass Entering Run
[10/27/2017 6:26 PM] protocol_canonM3.lvclass Entering Run
[10/27/2017 6:26 PM] protocol_canonM3.lvclass Entering Run
[10/27/2017 6:26 PM] protocol_canonM3.lvclass Entering Run
[10/27/2017 6:26 PM] protocol_canonM3.lvclass Entering Run
[10/27/2017 6:26 PM] protocol_canonM3.lvclass Entering Run
[10/27/2017 6:26 PM] protocol_canonM3.lvclass Entering Run
[10/27/2017 6:26 PM] protocol_canonM3.lvclass Entering Run
[10/27/2017 6:26 PM] protocol_canonM3.lvclass Entering Run
[10/27/2017 6:26 PM] protocol_canonM3.lvclass Entering Run
[10/27/2017 6:26 PM] protocol_canonM3.lvclass Entering Run
[10/27/2017 6:26 PM] protocol_canonM3.lvclass Entering Run
[10/27/2017 6:26 PM] protocol_canonM3.lvclass Entering Run
[10/27/2017 6:26 PM] protocol_canonM3.lvclass Entering Run
[10/27/2017 6:26 PM] protocol_canonM3.lvclass Entering Run
[10/27/2017 6:26 PM] protocol_canonM3.lvclass Entering Run
[10/27/2017 6:26 PM] protocol_canonM3.lvclass Entering Run
[10/27/2017 6:26 PM] protocol_canonM3.lvclass Entering Run
[10/27/2017 6:26 PM] protocol_canonM3.lvclass Entering Run
[10/27/2017 6:26 PM] protocol_canonM3.lvclass Entering Run
[10/27/2017 6:26 PM] protocol_canonM3.lvclass Entering Run
[10/27/2017 6:26 PM] protocol_canonM3.lvclass Entering Run
[10/27/2017 6:26 PM] protocol_canonM3.lvclass Entering Run
[10/27/2017 6:26 PM] protocol_canonM3.lvclass Entering Run
[10/27/2017 6:26 PM] protocol_canonM3.lvclass Entering Run
[10/27/2017 6:26 PM] protocol_canonM3.lvclass Entering Run
[10/27/2017 6:26 PM] protocol_canonM3.lvclass Entering Run
[10/27/2017 6:26 PM] protocol_canonM3.lvclass Entering Run
[10/27/2017 6:26 PM] protocol_canonM3.lvclass Entering Run
[10/27/2017 6:27 PM] protocol_canonM3.lvclass Entering Run
[10/27/2017 6:27 PM] protocol_canonM3.lvclass Entering Run
[10/27/2017 6:27 PM] protocol_canonM3.lvclass Entering Run
[10/27/2017 6:27 PM] protocol_canonM3.lvclass Entering Run
[10/27/2017 6:27 PM] protocol_canonM3.lvclass Entering Run
[10/27/2017 6:27 PM] protocol_canonM3.lvclass Entering Run
[10/27/2017 6:27 PM] protocol_canonM3.lvclass Entering Run
[10/27/2017 6:27 PM] protocol_canonM3.lvclass Entering Run
[10/27/2017 6:27 PM] protocol_canonM3.lvclass Entering Run
[10/27/2017 6:27 PM] protocol_canonM3.lvclass Entering Run
[10/27/2017 6:27 PM] protocol_canonM3.lvclass Entering Run
[10/27/2017 6:27 PM] protocol_canonM3.lvclass Entering Run
[10/27/2017 6:27 PM] protocol_canonM3.lvclass Entering Run
[10/27/2017 6:27 PM] protocol_canonM3.lvclass Entering Run
[10/27/2017 6:27 PM] protocol_canonM3.lvclass Entering Run
[10/27/2017 6:27 PM] protocol_canonM3.lvclass Entering Run
[10/27/2017 6:27 PM] protocol_canonM3.lvclass Entering Run
[10/27/2017 6:27 PM] protocol_canonM3.lvclass Entering Run
[10/27/2017 6:27 PM] protocol_canonM3.lvclass Entering Run
[10/27/2017 6:27 PM] protocol_canonM3.lvclass Entering Run
[10/27/2017 6:27 PM] protocol_canonM3.lvclass Entering Run
[10/27/2017 6:27 PM] protocol_canonM3.lvclass Entering Run
[10/27/2017 6:27 PM] protocol_canonM3.lvclass Entering Run
[10/27/2017 6:27 PM] protocol_canonM3.lvclass Entering Run
[10/27/2017 6:27 PM] protocol_canonM3.lvclass Entering Run
[10/27/2017 6:27 PM] protocol_canonM3.lvclass Entering Run
[10/27/2017 6:27 PM] protocol_canonM3.lvclass Entering Run
[10/27/2017 6:27 PM] protocol_canonM3.lvclass Entering Run
[10/27/2017 6:27 PM] protocol_canonM3.lvclass Entering Run
[10/27/2017 6:27 PM] protocol_canonM3.lvclass Entering Run
[10/27/2017 6:27 PM] protocol_canonM3.lvclass Entering Run
[10/27/2017 6:27 PM] protocol_canonM3.lvclass Entering Run
[10/27/2017 6:27 PM] protocol_canonM3.lvclass Entering Run
[10/27/2017 6:27 PM] protocol_canonM3.lvclass Entering Run
[10/27/2017 6:27 PM] protocol_canonM3.lvclass Entering Run
[10/27/2017 6:27 PM] protocol_canonM3.lvclass Entering Run
[10/27/2017 6:27 PM] protocol_canonM3.lvclass Entering Run
[10/27/2017 6:27 PM] protocol_canonM3.lvclass Entering Run
[10/27/2017 6:27 PM] protocol_canonM3.lvclass Entering Run
[10/27/2017 6:27 PM] protocol_canonM3.lvclass Entering Run
[10/27/2017 6:27 PM] protocol_canonM3.lvclass Entering Run
[10/27/2017 6:27 PM] protocol_canonM3.lvclass Entering Run
[10/27/2017 6:27 PM] protocol_canonM3.lvclass Entering Run
[10/27/2017 6:27 PM] protocol_canonM3.lvclass Entering Run
[10/27/2017 6:27 PM] protocol_canonM3.lvclass Entering Run
[10/27/2017 6:27 PM] protocol_canonM3.lvclass Entering Run
[10/27/2017 6:27 PM] protocol_canonM3.lvclass Entering Run
[10/27/2017 6:27 PM] protocol_canonM3.lvclass Entering Run
[10/27/2017 6:27 PM] protocol_canonM3.lvclass Entering Run
[10/27/2017 6:27 PM] protocol_canonM3.lvclass Entering Run
[10/27/2017 6:27 PM] protocol_canonM3.lvclass Entering Run
[10/27/2017 6:28 PM] protocol_canonM3.lvclass Entering Run
[10/27/2017 6:28 PM] protocol_canonM3.lvclass Entering Run
[10/27/2017 6:28 PM] protocol_canonM3.lvclass Entering Run
[10/27/2017 6:28 PM] protocol_canonM3.lvclass Entering Run
[10/27/2017 6:28 PM] protocol_canonM3.lvclass Entering Run
[10/27/2017 6:28 PM] protocol_canonM3.lvclass Entering Run
[10/27/2017 6:28 PM] protocol_canonM3.lvclass Entering Run
[10/27/2017 6:28 PM] protocol_canonM3.lvclass Entering Run
[10/27/2017 6:28 PM] protocol_canonM3.lvclass Entering Run
[10/27/2017 6:28 PM] protocol_canonM3.lvclass Entering Run
[10/27/2017 6:28 PM] protocol_canonM3.lvclass Entering Run
[10/27/2017 6:28 PM] protocol_canonM3.lvclass Entering Run
[10/27/2017 6:28 PM] protocol_canonM3.lvclass Entering Run
[10/27/2017 6:28 PM] protocol_canonM3.lvclass Entering Run
[10/27/2017 6:28 PM] protocol_canonM3.lvclass Entering Run
[10/27/2017 6:28 PM] protocol_canonM3.lvclass Entering Run
[10/27/2017 6:28 PM] protocol_canonM3.lvclass Entering Run
[10/27/2017 6:28 PM] protocol_canonM3.lvclass Entering Run
[10/27/2017 6:28 PM] protocol_canonM3.lvclass Entering Run
[10/27/2017 6:28 PM] protocol_canonM3.lvclass Entering Run
[10/27/2017 6:28 PM] protocol_canonM3.lvclass Entering Run
[10/27/2017 6:28 PM] protocol_canonM3.lvclass Entering Run
[10/27/2017 6:28 PM] protocol_canonM3.lvclass Entering Run
[10/27/2017 6:30 PM] protocol_canonM3.lvclass Entering Init
[10/27/2017 6:31 PM] protocol_canonM3.lvclass Entering Run
[10/27/2017 6:31 PM] protocol_canonM3.lvclass Entering Run
[10/27/2017 6:31 PM] protocol_canonM3.lvclass Entering Run
[10/27/2017 6:31 PM] protocol_canonM3.lvclass Entering Run
[10/27/2017 6:31 PM] protocol_canonM3.lvclass Entering Run
[10/27/2017 6:31 PM] protocol_canonM3.lvclass Entering Run
[10/27/2017 6:31 PM] protocol_canonM3.lvclass Entering Run
[10/27/2017 6:31 PM] protocol_canonM3.lvclass Entering Run
[10/27/2017 6:31 PM] protocol_canonM3.lvclass Entering Run
[10/27/2017 6:31 PM] protocol_canonM3.lvclass Entering Run
[10/27/2017 6:31 PM] protocol_canonM3.lvclass Entering Run
[10/27/2017 6:31 PM] protocol_canonM3.lvclass Entering Run
[10/27/2017 6:31 PM] protocol_canonM3.lvclass Entering Run
[10/27/2017 6:31 PM] protocol_canonM3.lvclass Entering Run
[10/27/2017 6:31 PM] protocol_canonM3.lvclass Entering Run
[10/27/2017 6:31 PM] protocol_canonM3.lvclass Entering Run
[10/27/2017 6:31 PM] protocol_canonM3.lvclass Entering Run
[10/27/2017 6:31 PM] protocol_canonM3.lvclass Entering Run
[10/27/2017 6:31 PM] protocol_canonM3.lvclass Entering Run
[10/27/2017 6:31 PM] protocol_canonM3.lvclass Entering Run
[10/27/2017 6:31 PM] protocol_canonM3.lvclass Entering Run
[10/27/2017 6:31 PM] protocol_canonM3.lvclass Entering Run
[10/27/2017 6:31 PM] protocol_canonM3.lvclass Entering Run
[10/27/2017 6:31 PM] protocol_canonM3.lvclass Entering Run
[10/27/2017 6:32 PM] protocol_canonM3.lvclass Entering Run
[10/27/2017 6:32 PM] protocol_canonM3.lvclass Entering Run
[10/27/2017 6:32 PM] protocol_canonM3.lvclass Entering Run
[10/27/2017 6:32 PM] protocol_canonM3.lvclass Entering Run
[10/27/2017 6:32 PM] protocol_canonM3.lvclass Entering Run
[10/27/2017 6:32 PM] protocol_canonM3.lvclass Entering Run
[10/27/2017 6:32 PM] protocol_canonM3.lvclass Entering Run
[10/27/2017 6:32 PM] protocol_canonM3.lvclass Entering Run
[10/27/2017 6:32 PM] protocol_canonM3.lvclass Entering Run
[10/27/2017 6:32 PM] protocol_canonM3.lvclass Entering Run
[10/27/2017 6:32 PM] protocol_canonM3.lvclass Entering Run
[10/27/2017 6:32 PM] protocol_canonM3.lvclass Entering Run
[10/27/2017 6:32 PM] protocol_canonM3.lvclass Entering Run
[10/27/2017 6:32 PM] protocol_canonM3.lvclass Entering Run
[10/27/2017 6:32 PM] protocol_canonM3.lvclass Entering Run
[10/27/2017 6:32 PM] protocol_canonM3.lvclass Entering Run
[10/27/2017 6:32 PM] protocol_canonM3.lvclass Entering Run
[10/27/2017 6:32 PM] protocol_canonM3.lvclass Entering Run
[10/27/2017 6:32 PM] protocol_canonM3.lvclass Entering Run
[10/27/2017 6:32 PM] protocol_canonM3.lvclass Entering Run
[10/27/2017 6:32 PM] protocol_canonM3.lvclass Entering Run
[10/27/2017 6:32 PM] protocol_canonM3.lvclass Entering Run
[10/27/2017 6:32 PM] protocol_canonM3.lvclass Entering Run
[10/27/2017 6:32 PM] protocol_canonM3.lvclass Entering Run
[10/27/2017 6:32 PM] protocol_canonM3.lvclass Entering Run
[10/27/2017 6:32 PM] protocol_canonM3.lvclass Entering Run
[10/27/2017 6:32 PM] protocol_canonM3.lvclass Entering Run
[10/27/2017 6:32 PM] protocol_canonM3.lvclass Entering Run
[10/27/2017 6:32 PM] protocol_canonM3.lvclass Entering Run
[10/27/2017 6:32 PM] protocol_canonM3.lvclass Entering Run
[10/27/2017 6:32 PM] protocol_canonM3.lvclass Entering Run
[10/27/2017 6:32 PM] protocol_canonM3.lvclass Entering Run
[10/27/2017 6:32 PM] protocol_canonM3.lvclass Entering Run
[10/27/2017 6:32 PM] protocol_canonM3.lvclass Entering Run
[10/27/2017 6:32 PM] protocol_canonM3.lvclass Entering Run
[10/27/2017 6:32 PM] protocol_canonM3.lvclass Entering Run
[10/27/2017 6:32 PM] protocol_canonM3.lvclass Entering Run
[10/27/2017 6:32 PM] protocol_canonM3.lvclass Entering Run
[10/27/2017 6:32 PM] protocol_canonM3.lvclass Entering Run
[10/27/2017 6:32 PM] protocol_canonM3.lvclass Entering Run
[10/27/2017 6:32 PM] protocol_canonM3.lvclass Entering Run
[10/27/2017 6:32 PM] protocol_canonM3.lvclass Entering Run
[10/27/2017 6:32 PM] protocol_canonM3.lvclass Entering Run
[10/27/2017 6:32 PM] protocol_canonM3.lvclass Entering Run
[10/27/2017 6:32 PM] protocol_canonM3.lvclass Entering Run
[10/27/2017 6:32 PM] protocol_canonM3.lvclass Entering Run
[10/27/2017 6:32 PM] protocol_canonM3.lvclass Entering Run
[10/27/2017 6:32 PM] protocol_canonM3.lvclass Entering Run
[10/27/2017 6:32 PM] protocol_canonM3.lvclass Entering Run
[10/27/2017 6:32 PM] protocol_canonM3.lvclass Entering Run
[10/27/2017 6:37 PM] protocol_canonM3.lvclass Entering Init
[10/27/2017 6:37 PM] protocol_canonM3.lvclass Entering Run
[10/27/2017 6:37 PM] protocol_canonM3.lvclass Entering Run
[10/27/2017 6:37 PM] protocol_canonM3.lvclass Entering Run
[10/27/2017 6:37 PM] protocol_canonM3.lvclass Entering Run
[10/27/2017 6:37 PM] protocol_canonM3.lvclass Entering Run
[10/27/2017 6:37 PM] protocol_canonM3.lvclass Entering Run
[10/27/2017 6:37 PM] protocol_canonM3.lvclass Entering Run
[10/27/2017 6:37 PM] protocol_canonM3.lvclass Entering Run
[10/27/2017 6:37 PM] protocol_canonM3.lvclass Entering Run
[10/27/2017 6:37 PM] protocol_canonM3.lvclass Entering Run
[10/27/2017 6:37 PM] protocol_canonM3.lvclass Entering Run
[10/27/2017 6:37 PM] protocol_canonM3.lvclass Entering Run
[10/27/2017 6:37 PM] protocol_canonM3.lvclass Entering Run
[10/27/2017 6:38 PM] protocol_canonM3.lvclass Entering Run
[10/27/2017 6:38 PM] protocol_canonM3.lvclass Entering Run
[10/27/2017 6:38 PM] protocol_canonM3.lvclass Entering Run
[10/27/2017 6:38 PM] protocol_canonM3.lvclass Entering Run
[10/27/2017 6:38 PM] protocol_canonM3.lvclass Entering Run
[10/27/2017 6:38 PM] protocol_canonM3.lvclass Entering Run
[10/27/2017 6:38 PM] protocol_canonM3.lvclass Entering Run
[10/27/2017 6:38 PM] protocol_canonM3.lvclass Entering Run
[10/27/2017 6:38 PM] protocol_canonM3.lvclass Entering Run
[10/27/2017 6:38 PM] protocol_canonM3.lvclass Entering Run
[10/27/2017 6:38 PM] protocol_canonM3.lvclass Entering Run
[10/27/2017 6:38 PM] protocol_canonM3.lvclass Entering Run
[10/27/2017 6:38 PM] protocol_canonM3.lvclass Entering Run
[10/27/2017 6:38 PM] protocol_canonM3.lvclass Entering Run
[10/27/2017 6:38 PM] protocol_canonM3.lvclass Entering Run
[10/27/2017 6:38 PM] protocol_canonM3.lvclass Entering Run
[10/27/2017 6:38 PM] protocol_canonM3.lvclass Entering Run
[10/27/2017 6:38 PM] protocol_canonM3.lvclass Entering Run
[10/27/2017 6:38 PM] protocol_canonM3.lvclass Entering Run
[10/27/2017 6:38 PM] protocol_canonM3.lvclass Entering Run
[10/27/2017 6:38 PM] protocol_canonM3.lvclass Entering Run
[10/27/2017 6:38 PM] protocol_canonM3.lvclass Entering Run
[10/27/2017 6:38 PM] protocol_canonM3.lvclass Entering Run
[10/27/2017 6:38 PM] protocol_canonM3.lvclass Entering Run
[10/27/2017 6:38 PM] protocol_canonM3.lvclass Entering Run
[10/27/2017 6:38 PM] protocol_canonM3.lvclass Entering Run
[10/27/2017 6:38 PM] protocol_canonM3.lvclass Entering Run
[10/27/2017 6:38 PM] protocol_canonM3.lvclass Entering Run
[10/27/2017 6:38 PM] protocol_canonM3.lvclass Entering Run
[10/27/2017 6:38 PM] protocol_canonM3.lvclass Entering Run
[10/27/2017 6:38 PM] protocol_canonM3.lvclass Entering Run
[10/27/2017 6:38 PM] protocol_canonM3.lvclass Entering Run
[10/27/2017 6:38 PM] protocol_canonM3.lvclass Entering Run
[10/27/2017 6:38 PM] protocol_canonM3.lvclass Entering Run
[10/27/2017 6:38 PM] protocol_canonM3.lvclass Entering Run
[10/27/2017 6:38 PM] protocol_canonM3.lvclass Entering Run
[10/27/2017 6:38 PM] protocol_canonM3.lvclass Entering Run
[10/27/2017 6:38 PM] protocol_canonM3.lvclass Entering Run
[10/27/2017 6:38 PM] protocol_canonM3.lvclass Entering Run
[10/27/2017 6:38 PM] protocol_canonM3.lvclass Entering Run
[10/27/2017 6:38 PM] protocol_canonM3.lvclass Entering Run
[10/27/2017 6:38 PM] protocol_canonM3.lvclass Entering Run
[10/27/2017 6:38 PM] protocol_canonM3.lvclass Entering Run
[10/27/2017 6:38 PM] protocol_canonM3.lvclass Entering Run
[10/27/2017 6:38 PM] protocol_canonM3.lvclass Entering Run
[10/27/2017 6:38 PM] protocol_canonM3.lvclass Entering Run
[10/27/2017 6:38 PM] protocol_canonM3.lvclass Entering Run
[10/27/2017 6:38 PM] protocol_canonM3.lvclass Entering Run
[10/27/2017 6:38 PM] protocol_canonM3.lvclass Entering Run
[10/27/2017 6:38 PM] protocol_canonM3.lvclass Entering Run
[10/27/2017 6:38 PM] protocol_canonM3.lvclass Entering Run
[10/27/2017 6:38 PM] protocol_canonM3.lvclass Entering Run
[10/27/2017 6:38 PM] protocol_canonM3.lvclass Entering Run
[10/27/2017 6:38 PM] protocol_canonM3.lvclass Entering Run
[10/27/2017 6:38 PM] protocol_canonM3.lvclass Entering Run
[10/27/2017 6:38 PM] protocol_canonM3.lvclass Entering Run
[10/27/2017 6:38 PM] protocol_canonM3.lvclass Entering Run
[10/27/2017 6:38 PM] protocol_canonM3.lvclass Entering Run
[10/27/2017 6:38 PM] protocol_canonM3.lvclass Entering Run
[10/27/2017 6:38 PM] protocol_canonM3.lvclass Entering Run
[10/27/2017 6:38 PM] protocol_canonM3.lvclass Entering Run
[10/27/2017 6:38 PM] protocol_canonM3.lvclass Entering Run
[10/27/2017 6:38 PM] protocol_canonM3.lvclass Entering Run
[10/27/2017 6:38 PM] protocol_canonM3.lvclass Entering Run
[10/27/2017 6:38 PM] protocol_canonM3.lvclass Entering Run
[10/27/2017 6:38 PM] protocol_canonM3.lvclass Entering Run
[10/27/2017 6:38 PM] protocol_canonM3.lvclass Entering Run
[10/27/2017 6:38 PM] protocol_canonM3.lvclass Entering Run
[10/27/2017 6:38 PM] protocol_canonM3.lvclass Entering Run
[10/27/2017 6:38 PM] protocol_canonM3.lvclass Entering Run
[10/27/2017 6:38 PM] protocol_canonM3.lvclass Entering Run
[10/27/2017 6:38 PM] protocol_canonM3.lvclass Entering Run
[10/27/2017 6:38 PM] protocol_canonM3.lvclass Entering Run
[10/27/2017 6:39 PM] protocol_canonM3.lvclass Entering Run
[10/27/2017 6:39 PM] protocol_canonM3.lvclass Entering Run
[10/27/2017 6:39 PM] protocol_canonM3.lvclass Entering Run
[10/27/2017 6:39 PM] protocol_canonM3.lvclass Entering Run
[10/27/2017 6:39 PM] protocol_canonM3.lvclass Entering Run
[10/27/2017 6:39 PM] protocol_canonM3.lvclass Entering Run
[10/27/2017 6:39 PM] protocol_canonM3.lvclass Entering Run
[10/27/2017 6:39 PM] protocol_canonM3.lvclass Entering Run
[10/27/2017 6:39 PM] protocol_canonM3.lvclass Entering Run
[10/27/2017 6:39 PM] protocol_canonM3.lvclass Entering Run
[10/27/2017 6:39 PM] protocol_canonM3.lvclass Entering Run
[10/27/2017 6:39 PM] protocol_canonM3.lvclass Entering Run
[10/27/2017 6:39 PM] protocol_canonM3.lvclass Entering Run
[10/27/2017 6:39 PM] protocol_canonM3.lvclass Entering Run
[10/27/2017 6:39 PM] protocol_canonM3.lvclass Entering Run
[10/27/2017 6:39 PM] protocol_canonM3.lvclass Entering Run
[10/27/2017 6:39 PM] protocol_canonM3.lvclass Entering Run
[10/27/2017 6:39 PM] protocol_canonM3.lvclass Entering Run
[10/27/2017 6:39 PM] protocol_canonM3.lvclass Entering Run
[10/27/2017 6:39 PM] protocol_canonM3.lvclass Entering Run
[10/27/2017 6:39 PM] protocol_canonM3.lvclass Entering Run
[10/27/2017 6:39 PM] protocol_canonM3.lvclass Entering Run
[10/27/2017 6:39 PM] protocol_canonM3.lvclass Entering Run
[10/27/2017 6:39 PM] protocol_canonM3.lvclass Entering Run
[10/27/2017 6:39 PM] protocol_canonM3.lvclass Entering Run
[10/27/2017 6:39 PM] protocol_canonM3.lvclass Entering Run
[10/27/2017 6:39 PM] protocol_canonM3.lvclass Entering Run
[10/27/2017 6:39 PM] protocol_canonM3.lvclass Entering Run
[10/27/2017 6:39 PM] protocol_canonM3.lvclass Entering Run
[10/27/2017 6:39 PM] protocol_canonM3.lvclass Entering Run
[10/27/2017 6:39 PM] protocol_canonM3.lvclass Entering Run
[10/27/2017 6:39 PM] protocol_canonM3.lvclass Entering Run
[10/27/2017 6:39 PM] protocol_canonM3.lvclass Entering Run
[10/27/2017 6:39 PM] protocol_canonM3.lvclass Entering Run
[10/27/2017 6:39 PM] protocol_canonM3.lvclass Entering Run
[10/27/2017 6:39 PM] protocol_canonM3.lvclass Entering Run
[10/27/2017 6:39 PM] protocol_canonM3.lvclass Entering Run
[10/27/2017 6:39 PM] protocol_canonM3.lvclass Entering Run
[10/27/2017 6:39 PM] protocol_canonM3.lvclass Entering Run
[10/27/2017 6:39 PM] protocol_canonM3.lvclass Entering Run
[10/27/2017 6:39 PM] protocol_canonM3.lvclass Entering Run
[10/27/2017 6:39 PM] protocol_canonM3.lvclass Entering Run
[10/27/2017 6:39 PM] protocol_canonM3.lvclass Entering Run
[10/27/2017 6:39 PM] protocol_canonM3.lvclass Entering Run
[10/27/2017 6:39 PM] protocol_canonM3.lvclass Entering Run
[10/27/2017 6:39 PM] protocol_canonM3.lvclass Entering Run
[10/27/2017 6:39 PM] protocol_canonM3.lvclass Entering Run
[10/27/2017 6:39 PM] protocol_canonM3.lvclass Entering Run
[10/27/2017 6:39 PM] protocol_canonM3.lvclass Entering Run
[10/27/2017 6:39 PM] protocol_canonM3.lvclass Entering Run
[10/27/2017 6:39 PM] protocol_canonM3.lvclass Entering Run
[10/27/2017 6:39 PM] protocol_canonM3.lvclass Entering Run
[10/27/2017 6:39 PM] protocol_canonM3.lvclass Entering Run
[10/27/2017 6:39 PM] protocol_canonM3.lvclass Entering Run
[10/27/2017 6:39 PM] protocol_canonM3.lvclass Entering Run
[10/27/2017 6:39 PM] protocol_canonM3.lvclass Entering Run
[10/27/2017 6:39 PM] protocol_canonM3.lvclass Entering Run
[10/27/2017 6:39 PM] protocol_canonM3.lvclass Entering Run
[10/27/2017 6:39 PM] protocol_canonM3.lvclass Entering Run
[10/27/2017 6:39 PM] protocol_canonM3.lvclass Entering Run
[10/27/2017 6:39 PM] protocol_canonM3.lvclass Entering Run
[10/27/2017 6:39 PM] protocol_canonM3.lvclass Entering Run
[10/27/2017 6:39 PM] protocol_canonM3.lvclass Entering Run
[10/27/2017 6:39 PM] protocol_canonM3.lvclass Entering Run
[10/27/2017 6:39 PM] protocol_canonM3.lvclass Entering Run
[10/27/2017 6:39 PM] protocol_canonM3.lvclass Entering Run
[10/27/2017 6:39 PM] protocol_canonM3.lvclass Entering Run
[10/27/2017 6:39 PM] protocol_canonM3.lvclass Entering Run
[10/27/2017 6:40 PM] protocol_canonM3.lvclass Entering Run
[10/27/2017 6:40 PM] protocol_canonM3.lvclass Entering Run
[10/27/2017 6:40 PM] protocol_canonM3.lvclass Entering Run
[10/27/2017 6:40 PM] protocol_canonM3.lvclass Entering Run
[10/27/2017 6:40 PM] protocol_canonM3.lvclass Entering Run
[10/27/2017 6:40 PM] protocol_canonM3.lvclass Entering Run
[10/27/2017 6:40 PM] protocol_canonM3.lvclass Entering Run
[10/27/2017 6:40 PM] protocol_canonM3.lvclass Entering Run
[10/27/2017 6:40 PM] protocol_canonM3.lvclass Entering Run
[10/27/2017 6:40 PM] protocol_canonM3.lvclass Entering Run
[10/27/2017 6:40 PM] protocol_canonM3.lvclass Entering Run
[10/27/2017 6:40 PM] protocol_canonM3.lvclass Entering Run
[10/27/2017 6:40 PM] protocol_canonM3.lvclass Entering Run
[10/27/2017 6:40 PM] protocol_canonM3.lvclass Entering Run
[10/27/2017 6:40 PM] protocol_canonM3.lvclass Entering Run
[10/27/2017 6:40 PM] protocol_canonM3.lvclass Entering Run
[10/27/2017 6:40 PM] protocol_canonM3.lvclass Entering Run
[10/27/2017 6:40 PM] protocol_canonM3.lvclass Entering Run
[10/27/2017 6:40 PM] protocol_canonM3.lvclass Entering Run
[10/27/2017 6:40 PM] protocol_canonM3.lvclass Entering Run
[10/27/2017 6:40 PM] protocol_canonM3.lvclass Entering Run
[10/27/2017 6:40 PM] protocol_canonM3.lvclass Entering Run
[10/27/2017 6:40 PM] protocol_canonM3.lvclass Entering Run
[10/27/2017 6:40 PM] protocol_canonM3.lvclass Entering Run
[10/27/2017 6:40 PM] protocol_canonM3.lvclass Entering Run
[10/27/2017 6:40 PM] protocol_canonM3.lvclass Entering Run
[10/27/2017 6:40 PM] protocol_canonM3.lvclass Entering Run
[10/27/2017 6:40 PM] protocol_canonM3.lvclass Entering Run
[10/27/2017 6:40 PM] protocol_canonM3.lvclass Entering Run
[10/27/2017 6:40 PM] protocol_canonM3.lvclass Entering Run
[10/27/2017 6:40 PM] protocol_canonM3.lvclass Entering Run
[10/27/2017 6:40 PM] protocol_canonM3.lvclass Entering Run
[10/27/2017 6:40 PM] protocol_canonM3.lvclass Entering Run
[10/27/2017 6:40 PM] protocol_canonM3.lvclass Entering Run
[10/27/2017 6:40 PM] protocol_canonM3.lvclass Entering Run
[10/27/2017 6:40 PM] protocol_canonM3.lvclass Entering Run
[10/27/2017 6:40 PM] protocol_canonM3.lvclass Entering Run
[10/27/2017 6:40 PM] protocol_canonM3.lvclass Entering Run
[10/27/2017 6:40 PM] protocol_canonM3.lvclass Entering Run
[10/27/2017 6:40 PM] protocol_canonM3.lvclass Entering Run
[10/27/2017 6:40 PM] protocol_canonM3.lvclass Entering Run
[10/27/2017 6:40 PM] protocol_canonM3.lvclass Entering Run
[10/27/2017 6:40 PM] protocol_canonM3.lvclass Entering Run
[10/27/2017 6:40 PM] protocol_canonM3.lvclass Entering Run
[10/27/2017 6:40 PM] protocol_canonM3.lvclass Entering Run
[10/27/2017 6:40 PM] protocol_canonM3.lvclass Entering Run
[10/27/2017 6:42 PM] protocol_canonM3.lvclass Entering Init
[10/27/2017 6:42 PM] protocol_canonM3.lvclass Entering Run
[10/27/2017 6:42 PM] protocol_canonM3.lvclass Entering Run
[10/27/2017 6:42 PM] protocol_canonM3.lvclass Entering Run
[10/27/2017 6:42 PM] protocol_canonM3.lvclass Entering Run
[10/27/2017 6:42 PM] protocol_canonM3.lvclass Entering Run
[10/27/2017 6:42 PM] protocol_canonM3.lvclass Entering Run
[10/27/2017 6:42 PM] protocol_canonM3.lvclass Entering Run
[10/27/2017 6:42 PM] protocol_canonM3.lvclass Entering Run
[10/27/2017 6:42 PM] protocol_canonM3.lvclass Entering Run
[10/27/2017 6:42 PM] protocol_canonM3.lvclass Entering Run
[10/27/2017 6:42 PM] protocol_canonM3.lvclass Entering Run
[10/27/2017 6:43 PM] protocol_canonM3.lvclass Entering Run
[10/27/2017 6:43 PM] protocol_canonM3.lvclass Entering Run
[10/27/2017 6:43 PM] protocol_canonM3.lvclass Entering Run
[10/27/2017 6:43 PM] protocol_canonM3.lvclass Entering Run
[10/27/2017 6:43 PM] protocol_canonM3.lvclass Entering Run
[10/27/2017 6:43 PM] protocol_canonM3.lvclass Entering Run
[10/27/2017 6:43 PM] protocol_canonM3.lvclass Entering Run
[10/27/2017 6:45 PM] protocol_canonM3.lvclass Entering Init
[10/27/2017 6:46 PM] protocol_canonM3.lvclass Entering Run
[10/27/2017 6:46 PM] protocol_canonM3.lvclass Entering Run
[10/27/2017 6:46 PM] protocol_canonM3.lvclass Entering Run
[10/27/2017 6:46 PM] protocol_canonM3.lvclass Entering Run
[10/27/2017 6:46 PM] protocol_canonM3.lvclass Entering Run
[10/27/2017 6:46 PM] protocol_canonM3.lvclass Entering Run
[10/27/2017 6:46 PM] protocol_canonM3.lvclass Entering Run
[10/27/2017 6:46 PM] protocol_canonM3.lvclass Entering Run
[10/27/2017 6:46 PM] protocol_canonM3.lvclass Entering Run
[10/27/2017 6:46 PM] protocol_canonM3.lvclass Entering Run
[10/27/2017 6:46 PM] protocol_canonM3.lvclass Entering Run
[10/27/2017 6:46 PM] protocol_canonM3.lvclass Entering Run
[10/27/2017 6:46 PM] protocol_canonM3.lvclass Entering Run
[10/27/2017 6:46 PM] protocol_canonM3.lvclass Entering Run
[10/27/2017 6:46 PM] protocol_canonM3.lvclass Entering Run
[10/27/2017 6:46 PM] protocol_canonM3.lvclass Entering Run
[10/27/2017 6:46 PM] protocol_canonM3.lvclass Entering Run
[10/27/2017 6:46 PM] protocol_canonM3.lvclass Entering Run
[10/27/2017 6:46 PM] protocol_canonM3.lvclass Entering Run
[10/27/2017 6:46 PM] protocol_canonM3.lvclass Entering Run
[10/27/2017 6:46 PM] protocol_canonM3.lvclass Entering Run
[10/27/2017 6:46 PM] protocol_canonM3.lvclass Entering Run
[10/27/2017 6:46 PM] protocol_canonM3.lvclass Entering Run
[10/27/2017 6:46 PM] protocol_canonM3.lvclass Entering Run
[10/27/2017 6:46 PM] protocol_canonM3.lvclass Entering Run
[10/27/2017 6:46 PM] protocol_canonM3.lvclass Entering Run
[10/27/2017 6:46 PM] protocol_canonM3.lvclass Entering Run
[10/27/2017 6:46 PM] protocol_canonM3.lvclass Entering Run
[10/27/2017 6:46 PM] protocol_canonM3.lvclass Entering Run
[10/27/2017 6:46 PM] protocol_canonM3.lvclass Entering Run
[10/27/2017 6:46 PM] protocol_canonM3.lvclass Entering Run
[10/27/2017 6:46 PM] protocol_canonM3.lvclass Entering Run
[10/27/2017 6:46 PM] protocol_canonM3.lvclass Entering Run
[10/27/2017 6:46 PM] protocol_canonM3.lvclass Entering Run
[10/27/2017 6:46 PM] protocol_canonM3.lvclass Entering Run
[10/27/2017 6:46 PM] protocol_canonM3.lvclass Entering Run
[10/27/2017 6:46 PM] protocol_canonM3.lvclass Entering Run
[10/27/2017 6:46 PM] protocol_canonM3.lvclass Entering Run
[10/27/2017 6:46 PM] protocol_canonM3.lvclass Entering Run
[10/27/2017 6:46 PM] protocol_canonM3.lvclass Entering Run
[10/27/2017 6:46 PM] protocol_canonM3.lvclass Entering Run
[10/27/2017 6:46 PM] protocol_canonM3.lvclass Entering Run
[10/27/2017 6:46 PM] protocol_canonM3.lvclass Entering Run
[10/27/2017 6:46 PM] protocol_canonM3.lvclass Entering Run
[10/27/2017 6:46 PM] protocol_canonM3.lvclass Entering Run
[10/27/2017 6:46 PM] protocol_canonM3.lvclass Entering Run
[10/27/2017 6:46 PM] protocol_canonM3.lvclass Entering Run
[10/27/2017 6:46 PM] protocol_canonM3.lvclass Entering Run
[10/27/2017 6:46 PM] protocol_canonM3.lvclass Entering Run
[10/27/2017 6:46 PM] protocol_canonM3.lvclass Entering Run
[10/27/2017 6:46 PM] protocol_canonM3.lvclass Entering Run
[10/27/2017 6:46 PM] protocol_canonM3.lvclass Entering Run
[10/27/2017 6:47 PM] protocol_canonM3.lvclass Entering Run
[10/27/2017 6:47 PM] protocol_canonM3.lvclass Entering Run
[10/27/2017 6:47 PM] protocol_canonM3.lvclass Entering Run
[10/27/2017 6:47 PM] protocol_canonM3.lvclass Entering Run
[10/27/2017 6:47 PM] protocol_canonM3.lvclass Entering Run
[10/27/2017 6:47 PM] protocol_canonM3.lvclass Entering Run
[10/27/2017 6:47 PM] protocol_canonM3.lvclass Entering Run
[10/27/2017 6:47 PM] protocol_canonM3.lvclass Entering Run
[10/27/2017 6:47 PM] protocol_canonM3.lvclass Entering Run
[10/27/2017 6:47 PM] protocol_canonM3.lvclass Entering Run
[10/27/2017 6:47 PM] protocol_canonM3.lvclass Entering Run
[10/27/2017 6:47 PM] protocol_canonM3.lvclass Entering Run
[10/27/2017 6:47 PM] protocol_canonM3.lvclass Entering Run
[10/27/2017 6:47 PM] protocol_canonM3.lvclass Entering Run
[10/27/2017 6:47 PM] protocol_canonM3.lvclass Entering Run
[10/27/2017 6:47 PM] protocol_canonM3.lvclass Entering Run
[10/27/2017 6:47 PM] protocol_canonM3.lvclass Entering Run
[10/27/2017 6:47 PM] protocol_canonM3.lvclass Entering Run
[10/27/2017 6:47 PM] protocol_canonM3.lvclass Entering Run
[10/27/2017 6:47 PM] protocol_canonM3.lvclass Entering Run
[10/27/2017 6:47 PM] protocol_canonM3.lvclass Entering Run
[10/27/2017 6:47 PM] protocol_canonM3.lvclass Entering Run
[10/27/2017 6:47 PM] protocol_canonM3.lvclass Entering Run
[10/27/2017 6:47 PM] protocol_canonM3.lvclass Entering Run
[10/27/2017 6:47 PM] protocol_canonM3.lvclass Entering Run
[10/27/2017 6:47 PM] protocol_canonM3.lvclass Entering Run
[10/27/2017 6:47 PM] protocol_canonM3.lvclass Entering Run
[10/27/2017 6:47 PM] protocol_canonM3.lvclass Entering Run
[10/27/2017 6:47 PM] protocol_canonM3.lvclass Entering Run
[10/27/2017 6:47 PM] protocol_canonM3.lvclass Entering Run
[10/27/2017 6:47 PM] protocol_canonM3.lvclass Entering Run
[10/27/2017 6:47 PM] protocol_canonM3.lvclass Entering Run
[10/27/2017 6:47 PM] protocol_canonM3.lvclass Entering Run
[10/27/2017 6:47 PM] protocol_canonM3.lvclass Entering Run
[10/27/2017 6:47 PM] protocol_canonM3.lvclass Entering Run
[10/27/2017 6:47 PM] protocol_canonM3.lvclass Entering Run
[10/27/2017 6:47 PM] protocol_canonM3.lvclass Entering Run
[10/27/2017 6:47 PM] protocol_canonM3.lvclass Entering Run
[10/27/2017 6:47 PM] protocol_canonM3.lvclass Entering Run
[10/27/2017 6:47 PM] protocol_canonM3.lvclass Entering Run
[10/27/2017 6:47 PM] protocol_canonM3.lvclass Entering Run
[10/27/2017 6:47 PM] protocol_canonM3.lvclass Entering Run
[10/27/2017 6:47 PM] protocol_canonM3.lvclass Entering Run
[10/27/2017 6:47 PM] protocol_canonM3.lvclass Entering Run
[10/27/2017 6:47 PM] protocol_canonM3.lvclass Entering Run
[10/27/2017 6:47 PM] protocol_canonM3.lvclass Entering Run
[10/27/2017 6:47 PM] protocol_canonM3.lvclass Entering Run
[10/27/2017 6:47 PM] protocol_canonM3.lvclass Entering Run
[10/27/2017 6:47 PM] protocol_canonM3.lvclass Entering Run
[10/27/2017 6:47 PM] protocol_canonM3.lvclass Entering Run
[10/27/2017 6:47 PM] protocol_canonM3.lvclass Entering Run
[10/27/2017 6:47 PM] protocol_canonM3.lvclass Entering Run
[10/27/2017 6:47 PM] protocol_canonM3.lvclass Entering Run
[10/27/2017 6:47 PM] protocol_canonM3.lvclass Entering Run
[10/27/2017 6:47 PM] protocol_canonM3.lvclass Entering Run
[10/27/2017 6:47 PM] protocol_canonM3.lvclass Entering Run
[10/27/2017 6:47 PM] protocol_canonM3.lvclass Entering Run
[10/27/2017 6:48 PM] protocol_canonM3.lvclass Entering Run
[10/27/2017 6:48 PM] protocol_canonM3.lvclass Entering Run
[10/27/2017 6:48 PM] protocol_canonM3.lvclass Entering Run
[10/27/2017 6:48 PM] protocol_canonM3.lvclass Entering Run
[10/27/2017 6:48 PM] protocol_canonM3.lvclass Entering Run
[10/27/2017 6:48 PM] protocol_canonM3.lvclass Entering Run
[10/27/2017 6:48 PM] protocol_canonM3.lvclass Entering Run
[10/27/2017 6:48 PM] protocol_canonM3.lvclass Entering Run
[10/27/2017 6:48 PM] protocol_canonM3.lvclass Entering Run
[10/27/2017 6:48 PM] protocol_canonM3.lvclass Entering Run
[10/27/2017 6:48 PM] protocol_canonM3.lvclass Entering Run
[10/27/2017 6:48 PM] protocol_canonM3.lvclass Entering Run
[10/27/2017 6:48 PM] protocol_canonM3.lvclass Entering Run
[10/27/2017 6:48 PM] protocol_canonM3.lvclass Entering Run
[10/27/2017 6:48 PM] protocol_canonM3.lvclass Entering Run
[10/27/2017 6:48 PM] protocol_canonM3.lvclass Entering Run
[10/27/2017 6:48 PM] protocol_canonM3.lvclass Entering Run
[10/27/2017 6:48 PM] protocol_canonM3.lvclass Entering Run
[10/27/2017 6:48 PM] protocol_canonM3.lvclass Entering Run
[10/27/2017 6:48 PM] protocol_canonM3.lvclass Entering Run
[10/27/2017 6:48 PM] protocol_canonM3.lvclass Entering Run
[10/27/2017 6:48 PM] protocol_canonM3.lvclass Entering Run
[10/27/2017 6:48 PM] protocol_canonM3.lvclass Entering Run
[10/27/2017 6:48 PM] protocol_canonM3.lvclass Entering Run
[10/27/2017 6:48 PM] protocol_canonM3.lvclass Entering Run
[10/27/2017 6:48 PM] protocol_canonM3.lvclass Entering Run
[10/27/2017 6:48 PM] protocol_canonM3.lvclass Entering Run
[10/27/2017 6:48 PM] protocol_canonM3.lvclass Entering Run
[10/27/2017 6:48 PM] protocol_canonM3.lvclass Entering Run
[10/27/2017 6:48 PM] protocol_canonM3.lvclass Entering Run
[10/27/2017 6:48 PM] protocol_canonM3.lvclass Entering Run
[10/27/2017 6:48 PM] protocol_canonM3.lvclass Entering Run
[10/27/2017 6:48 PM] protocol_canonM3.lvclass Entering Run
[10/27/2017 6:48 PM] protocol_canonM3.lvclass Entering Run
[10/27/2017 6:48 PM] protocol_canonM3.lvclass Entering Run
[10/27/2017 6:48 PM] protocol_canonM3.lvclass Entering Run
[10/27/2017 6:48 PM] protocol_canonM3.lvclass Entering Run
[10/27/2017 6:48 PM] protocol_canonM3.lvclass Entering Run
[10/27/2017 6:48 PM] protocol_canonM3.lvclass Entering Run
[10/27/2017 6:48 PM] protocol_canonM3.lvclass Entering Run
[10/27/2017 6:48 PM] protocol_canonM3.lvclass Entering Run
[10/27/2017 6:48 PM] protocol_canonM3.lvclass Entering Run
[10/27/2017 6:48 PM] protocol_canonM3.lvclass Entering Run
[10/27/2017 6:48 PM] protocol_canonM3.lvclass Entering Run
[10/27/2017 6:48 PM] protocol_canonM3.lvclass Entering Run
[10/27/2017 6:48 PM] protocol_canonM3.lvclass Entering Run
[10/27/2017 6:48 PM] protocol_canonM3.lvclass Entering Run
[10/27/2017 6:48 PM] protocol_canonM3.lvclass Entering Run
[10/27/2017 6:48 PM] protocol_canonM3.lvclass Entering Run
[10/27/2017 6:48 PM] protocol_canonM3.lvclass Entering Run
[10/27/2017 6:48 PM] protocol_canonM3.lvclass Entering Run
[10/27/2017 6:48 PM] protocol_canonM3.lvclass Entering Run
[10/27/2017 6:48 PM] protocol_canonM3.lvclass Entering Run
[10/27/2017 6:48 PM] protocol_canonM3.lvclass Entering Run
[10/27/2017 6:48 PM] protocol_canonM3.lvclass Entering Run
[10/27/2017 6:48 PM] protocol_canonM3.lvclass Entering Run
[10/27/2017 6:48 PM] protocol_canonM3.lvclass Entering Run
[10/27/2017 6:48 PM] protocol_canonM3.lvclass Entering Run
[10/27/2017 6:48 PM] protocol_canonM3.lvclass Entering Run
[10/27/2017 6:48 PM] protocol_canonM3.lvclass Entering Run
[10/27/2017 6:48 PM] protocol_canonM3.lvclass Entering Run
[10/27/2017 6:48 PM] protocol_canonM3.lvclass Entering Run
[10/27/2017 6:48 PM] protocol_canonM3.lvclass Entering Run
[10/27/2017 6:48 PM] protocol_canonM3.lvclass Entering Run
[10/27/2017 6:48 PM] protocol_canonM3.lvclass Entering Run
[10/27/2017 6:48 PM] protocol_canonM3.lvclass Entering Run
[10/27/2017 6:48 PM] protocol_canonM3.lvclass Entering Run
[10/27/2017 6:48 PM] protocol_canonM3.lvclass Entering Run
[10/27/2017 6:48 PM] protocol_canonM3.lvclass Entering Run
[10/27/2017 6:48 PM] protocol_canonM3.lvclass Entering Run
[10/27/2017 6:48 PM] protocol_canonM3.lvclass Entering Run
[10/27/2017 6:48 PM] protocol_canonM3.lvclass Entering Run
[10/27/2017 6:48 PM] protocol_canonM3.lvclass Entering Run
[10/27/2017 6:48 PM] protocol_canonM3.lvclass Entering Run
[10/27/2017 6:48 PM] protocol_canonM3.lvclass Entering Run
[10/27/2017 6:48 PM] protocol_canonM3.lvclass Entering Run
[10/27/2017 6:48 PM] protocol_canonM3.lvclass Entering Run
[10/27/2017 6:48 PM] protocol_canonM3.lvclass Entering Run
[10/27/2017 6:48 PM] protocol_canonM3.lvclass Entering Run
[10/27/2017 6:48 PM] protocol_canonM3.lvclass Entering Run
[10/27/2017 6:48 PM] protocol_canonM3.lvclass Entering Run
[10/27/2017 6:48 PM] protocol_canonM3.lvclass Entering Run
[10/27/2017 6:48 PM] protocol_canonM3.lvclass Entering Run
[10/27/2017 6:48 PM] protocol_canonM3.lvclass Entering Run
[10/27/2017 6:48 PM] protocol_canonM3.lvclass Entering Run
[10/27/2017 6:48 PM] protocol_canonM3.lvclass Entering Run
[10/27/2017 6:48 PM] protocol_canonM3.lvclass Entering Run
[10/27/2017 6:48 PM] protocol_canonM3.lvclass Entering Run
[10/27/2017 6:48 PM] protocol_canonM3.lvclass Entering Run
[10/27/2017 6:48 PM] protocol_canonM3.lvclass Entering Run
[10/27/2017 6:48 PM] protocol_canonM3.lvclass Entering Run
[10/27/2017 6:48 PM] protocol_canonM3.lvclass Entering Run
[10/27/2017 6:48 PM] protocol_canonM3.lvclass Entering Run
[10/27/2017 6:48 PM] protocol_canonM3.lvclass Entering Run
[10/27/2017 6:48 PM] protocol_canonM3.lvclass Entering Run
[10/27/2017 6:48 PM] protocol_canonM3.lvclass Entering Run
[10/27/2017 6:49 PM] protocol_canonM3.lvclass Entering Run
[10/27/2017 6:49 PM] protocol_canonM3.lvclass Entering Run
[10/27/2017 6:49 PM] protocol_canonM3.lvclass Entering Run
[10/27/2017 6:49 PM] protocol_canonM3.lvclass Entering Run
[10/27/2017 6:49 PM] protocol_canonM3.lvclass Entering Run
[10/27/2017 6:49 PM] protocol_canonM3.lvclass Entering Run
[10/27/2017 6:49 PM] protocol_canonM3.lvclass Entering Run
[10/27/2017 6:49 PM] protocol_canonM3.lvclass Entering Run
[10/27/2017 6:49 PM] protocol_canonM3.lvclass Entering Run
[10/27/2017 6:49 PM] protocol_canonM3.lvclass Entering Run
[10/27/2017 6:49 PM] protocol_canonM3.lvclass Entering Run
[10/27/2017 6:49 PM] protocol_canonM3.lvclass Entering Run
[10/27/2017 6:49 PM] protocol_canonM3.lvclass Entering Run
[10/27/2017 6:49 PM] protocol_canonM3.lvclass Entering Run
[10/27/2017 6:49 PM] protocol_canonM3.lvclass Entering Run
[10/27/2017 6:49 PM] protocol_canonM3.lvclass Entering Run
[10/27/2017 6:49 PM] protocol_canonM3.lvclass Entering Run
[10/27/2017 6:49 PM] protocol_canonM3.lvclass Entering Run
[10/27/2017 6:49 PM] protocol_canonM3.lvclass Entering Run
[10/27/2017 6:49 PM] protocol_canonM3.lvclass Entering Run
[10/27/2017 6:49 PM] protocol_canonM3.lvclass Entering Run
[10/27/2017 6:49 PM] protocol_canonM3.lvclass Entering Run
[10/27/2017 6:49 PM] protocol_canonM3.lvclass Entering Run
[10/27/2017 6:49 PM] protocol_canonM3.lvclass Entering Run
[10/27/2017 6:49 PM] protocol_canonM3.lvclass Entering Run
[10/27/2017 6:49 PM] protocol_canonM3.lvclass Entering Run
[10/27/2017 6:49 PM] protocol_canonM3.lvclass Entering Run
[10/27/2017 6:49 PM] protocol_canonM3.lvclass Entering Run
[10/27/2017 6:49 PM] protocol_canonM3.lvclass Entering Run
[10/27/2017 6:49 PM] protocol_canonM3.lvclass Entering Run
[10/27/2017 6:49 PM] protocol_canonM3.lvclass Entering Run
[10/27/2017 6:49 PM] protocol_canonM3.lvclass Entering Run
[10/27/2017 6:49 PM] protocol_canonM3.lvclass Entering Run
[10/27/2017 6:49 PM] protocol_canonM3.lvclass Entering Run
[10/27/2017 6:49 PM] protocol_canonM3.lvclass Entering Run
[10/27/2017 6:49 PM] protocol_canonM3.lvclass Entering Run
[10/27/2017 6:49 PM] protocol_canonM3.lvclass Entering Run
[10/27/2017 6:49 PM] protocol_canonM3.lvclass Entering Run
[10/27/2017 6:49 PM] protocol_canonM3.lvclass Entering Run
[10/27/2017 6:49 PM] protocol_canonM3.lvclass Entering Run
[10/27/2017 6:49 PM] protocol_canonM3.lvclass Entering Run
[10/27/2017 6:49 PM] protocol_canonM3.lvclass Entering Run
[10/27/2017 6:49 PM] protocol_canonM3.lvclass Entering Run
[10/27/2017 6:49 PM] protocol_canonM3.lvclass Entering Run
[10/27/2017 6:49 PM] protocol_canonM3.lvclass Entering Run
[10/27/2017 6:49 PM] protocol_canonM3.lvclass Entering Run
[10/27/2017 6:49 PM] protocol_canonM3.lvclass Entering Run
[10/27/2017 6:49 PM] protocol_canonM3.lvclass Entering Run
[10/27/2017 6:49 PM] protocol_canonM3.lvclass Entering Run
[10/27/2017 6:49 PM] protocol_canonM3.lvclass Entering Run
[10/27/2017 6:49 PM] protocol_canonM3.lvclass Entering Run
[10/27/2017 6:49 PM] protocol_canonM3.lvclass Entering Run
[10/27/2017 6:49 PM] protocol_canonM3.lvclass Entering Run
[10/27/2017 6:49 PM] protocol_canonM3.lvclass Entering Run
[10/27/2017 6:49 PM] protocol_canonM3.lvclass Entering Run
[10/27/2017 6:49 PM] protocol_canonM3.lvclass Entering Run
[10/27/2017 6:49 PM] protocol_canonM3.lvclass Entering Run
[10/27/2017 6:49 PM] protocol_canonM3.lvclass Entering Run
[10/27/2017 6:49 PM] protocol_canonM3.lvclass Entering Run
[10/27/2017 6:49 PM] protocol_canonM3.lvclass Entering Run
[10/27/2017 6:50 PM] protocol_canonM3.lvclass Entering Run
[10/27/2017 6:50 PM] protocol_canonM3.lvclass Entering Run
[10/27/2017 6:50 PM] protocol_canonM3.lvclass Entering Run
[10/27/2017 6:50 PM] protocol_canonM3.lvclass Entering Run
[10/27/2017 6:50 PM] protocol_canonM3.lvclass Entering Run
[10/27/2017 6:50 PM] protocol_canonM3.lvclass Entering Run
[10/27/2017 6:50 PM] protocol_canonM3.lvclass Entering Run
[10/27/2017 6:50 PM] protocol_canonM3.lvclass Entering Run
[10/27/2017 6:50 PM] protocol_canonM3.lvclass Entering Run
[10/27/2017 6:50 PM] protocol_canonM3.lvclass Entering Run
[10/27/2017 6:50 PM] protocol_canonM3.lvclass Entering Run
[10/27/2017 6:50 PM] protocol_canonM3.lvclass Entering Run
[10/27/2017 6:50 PM] protocol_canonM3.lvclass Entering Run
[10/27/2017 6:50 PM] protocol_canonM3.lvclass Entering Run
[10/27/2017 6:50 PM] protocol_canonM3.lvclass Entering Run
[10/27/2017 6:50 PM] protocol_canonM3.lvclass Entering Run
[10/27/2017 6:50 PM] protocol_canonM3.lvclass Entering Run
[10/27/2017 6:50 PM] protocol_canonM3.lvclass Entering Run
[10/27/2017 6:50 PM] protocol_canonM3.lvclass Entering Run
[10/27/2017 6:50 PM] protocol_canonM3.lvclass Entering Run
[10/27/2017 6:50 PM] protocol_canonM3.lvclass Entering Run
[10/27/2017 6:50 PM] protocol_canonM3.lvclass Entering Run
[10/27/2017 6:50 PM] protocol_canonM3.lvclass Entering Run
[10/27/2017 6:50 PM] protocol_canonM3.lvclass Entering Run
[10/27/2017 6:50 PM] protocol_canonM3.lvclass Entering Run
[10/27/2017 6:50 PM] protocol_canonM3.lvclass Entering Run
[10/27/2017 6:50 PM] protocol_canonM3.lvclass Entering Run
[10/27/2017 6:50 PM] protocol_canonM3.lvclass Entering Run
[10/27/2017 6:50 PM] protocol_canonM3.lvclass Entering Run
[10/27/2017 6:50 PM] protocol_canonM3.lvclass Entering Run
[10/27/2017 6:50 PM] protocol_canonM3.lvclass Entering Run
[10/27/2017 6:50 PM] protocol_canonM3.lvclass Entering Run
[10/27/2017 6:50 PM] protocol_canonM3.lvclass Entering Run
[10/27/2017 6:50 PM] protocol_canonM3.lvclass Entering Run
[10/27/2017 6:50 PM] protocol_canonM3.lvclass Entering Run
[10/27/2017 6:50 PM] protocol_canonM3.lvclass Entering Run
[10/27/2017 6:50 PM] protocol_canonM3.lvclass Entering Run
[10/27/2017 6:50 PM] protocol_canonM3.lvclass Entering Run
[10/27/2017 6:50 PM] protocol_canonM3.lvclass Entering Run
[10/27/2017 6:50 PM] protocol_canonM3.lvclass Entering Run
[10/27/2017 6:50 PM] protocol_canonM3.lvclass Entering Run
[10/27/2017 6:50 PM] protocol_canonM3.lvclass Entering Run
[10/27/2017 6:50 PM] protocol_canonM3.lvclass Entering Run
[10/27/2017 6:50 PM] protocol_canonM3.lvclass Entering Run
[10/27/2017 6:50 PM] protocol_canonM3.lvclass Entering Run
[10/27/2017 6:50 PM] protocol_canonM3.lvclass Entering Run
[10/27/2017 6:50 PM] protocol_canonM3.lvclass Entering Run
[10/27/2017 6:50 PM] protocol_canonM3.lvclass Entering Run
[10/27/2017 6:50 PM] protocol_canonM3.lvclass Entering Run
[10/27/2017 6:50 PM] protocol_canonM3.lvclass Entering Run
[10/27/2017 6:50 PM] protocol_canonM3.lvclass Entering Run
[10/27/2017 6:50 PM] protocol_canonM3.lvclass Entering Run
[10/27/2017 6:50 PM] protocol_canonM3.lvclass Entering Run
[10/27/2017 6:50 PM] protocol_canonM3.lvclass Entering Run
[10/27/2017 6:50 PM] protocol_canonM3.lvclass Entering Run
[10/27/2017 6:50 PM] protocol_canonM3.lvclass Entering Run
[10/27/2017 6:50 PM] protocol_canonM3.lvclass Entering Run
[10/27/2017 6:51 PM] protocol_canonM3.lvclass Entering Run
[10/27/2017 6:51 PM] protocol_canonM3.lvclass Entering Run
[10/27/2017 6:51 PM] protocol_canonM3.lvclass Entering Run
[10/27/2017 6:51 PM] protocol_canonM3.lvclass Entering Run
[10/27/2017 6:51 PM] protocol_canonM3.lvclass Entering Run
[10/27/2017 6:51 PM] protocol_canonM3.lvclass Entering Run
[10/27/2017 6:51 PM] protocol_canonM3.lvclass Entering Run
[10/27/2017 6:51 PM] protocol_canonM3.lvclass Entering Run
[10/27/2017 6:51 PM] protocol_canonM3.lvclass Entering Run
[10/27/2017 6:51 PM] protocol_canonM3.lvclass Entering Run
[10/27/2017 6:51 PM] protocol_canonM3.lvclass Entering Run
[10/27/2017 6:51 PM] protocol_canonM3.lvclass Entering Run
[10/27/2017 6:51 PM] protocol_canonM3.lvclass Entering Run
[10/27/2017 6:51 PM] protocol_canonM3.lvclass Entering Run
[10/27/2017 6:51 PM] protocol_canonM3.lvclass Entering Run
[10/27/2017 6:51 PM] protocol_canonM3.lvclass Entering Run
[10/27/2017 6:51 PM] protocol_canonM3.lvclass Entering Run
[10/27/2017 6:51 PM] protocol_canonM3.lvclass Entering Run
[10/27/2017 6:51 PM] protocol_canonM3.lvclass Entering Run
[10/27/2017 6:51 PM] protocol_canonM3.lvclass Entering Run
[10/27/2017 6:51 PM] protocol_canonM3.lvclass Entering Run
[10/27/2017 6:51 PM] protocol_canonM3.lvclass Entering Run
[10/27/2017 6:51 PM] protocol_canonM3.lvclass Entering Run
[10/27/2017 6:51 PM] protocol_canonM3.lvclass Entering Run
[10/27/2017 6:51 PM] protocol_canonM3.lvclass Entering Run
[10/27/2017 6:51 PM] protocol_canonM3.lvclass Entering Run
[10/27/2017 6:51 PM] protocol_canonM3.lvclass Entering Run
[10/27/2017 6:51 PM] protocol_canonM3.lvclass Entering Run
[10/27/2017 6:51 PM] protocol_canonM3.lvclass Entering Run
[10/27/2017 6:51 PM] protocol_canonM3.lvclass Entering Run
[10/27/2017 6:51 PM] protocol_canonM3.lvclass Entering Run
[10/27/2017 6:51 PM] protocol_canonM3.lvclass Entering Run
[10/27/2017 6:51 PM] protocol_canonM3.lvclass Entering Run
[10/27/2017 6:51 PM] protocol_canonM3.lvclass Entering Run
[10/27/2017 6:51 PM] protocol_canonM3.lvclass Entering Run
[10/27/2017 6:51 PM] protocol_canonM3.lvclass Entering Run
[10/27/2017 6:51 PM] protocol_canonM3.lvclass Entering Run
[10/27/2017 6:51 PM] protocol_canonM3.lvclass Entering Run
[10/27/2017 6:51 PM] protocol_canonM3.lvclass Entering Run
[10/27/2017 6:51 PM] protocol_canonM3.lvclass Entering Run
[10/27/2017 6:51 PM] protocol_canonM3.lvclass Entering Run
[10/27/2017 6:51 PM] protocol_canonM3.lvclass Entering Run
[10/27/2017 6:51 PM] protocol_canonM3.lvclass Entering Run
[10/27/2017 6:51 PM] protocol_canonM3.lvclass Entering Run
[10/27/2017 6:51 PM] protocol_canonM3.lvclass Entering Run
[10/27/2017 6:51 PM] protocol_canonM3.lvclass Entering Run
[10/27/2017 6:51 PM] protocol_canonM3.lvclass Entering Run
[10/27/2017 6:51 PM] protocol_canonM3.lvclass Entering Run
[10/27/2017 6:51 PM] protocol_canonM3.lvclass Entering Run
[10/27/2017 6:51 PM] protocol_canonM3.lvclass Entering Run
[10/27/2017 6:51 PM] protocol_canonM3.lvclass Entering Run
[10/27/2017 6:51 PM] protocol_canonM3.lvclass Entering Run
[10/27/2017 6:51 PM] protocol_canonM3.lvclass Entering Run
[10/27/2017 6:51 PM] protocol_canonM3.lvclass Entering Run
[10/27/2017 6:51 PM] protocol_canonM3.lvclass Entering Run
[10/27/2017 6:51 PM] protocol_canonM3.lvclass Entering Run
[10/27/2017 6:51 PM] protocol_canonM3.lvclass Entering Run
[10/27/2017 6:51 PM] protocol_canonM3.lvclass Entering Run
[10/27/2017 6:52 PM] protocol_canonM3.lvclass Entering Run
[10/27/2017 6:52 PM] protocol_canonM3.lvclass Entering Run
[10/27/2017 6:52 PM] protocol_canonM3.lvclass Entering Run
[10/27/2017 6:52 PM] protocol_canonM3.lvclass Entering Run
[10/27/2017 6:52 PM] protocol_canonM3.lvclass Entering Run
[10/27/2017 6:52 PM] protocol_canonM3.lvclass Entering Run
[10/27/2017 6:52 PM] protocol_canonM3.lvclass Entering Run
[10/27/2017 6:52 PM] protocol_canonM3.lvclass Entering Run
[10/27/2017 6:52 PM] protocol_canonM3.lvclass Entering Run
[10/27/2017 6:52 PM] protocol_canonM3.lvclass Entering Run
[10/27/2017 6:52 PM] protocol_canonM3.lvclass Entering Run
[10/27/2017 6:52 PM] protocol_canonM3.lvclass Entering Run
[10/27/2017 6:52 PM] protocol_canonM3.lvclass Entering Run
[10/27/2017 6:52 PM] protocol_canonM3.lvclass Entering Run
[10/27/2017 6:52 PM] protocol_canonM3.lvclass Entering Run
[10/27/2017 6:52 PM] protocol_canonM3.lvclass Entering Run
[10/27/2017 6:52 PM] protocol_canonM3.lvclass Entering Run
[10/27/2017 6:52 PM] protocol_canonM3.lvclass Entering Run
[10/27/2017 6:52 PM] protocol_canonM3.lvclass Entering Run
[10/27/2017 6:52 PM] protocol_canonM3.lvclass Entering Run
[10/27/2017 6:52 PM] protocol_canonM3.lvclass Entering Run
[10/27/2017 6:52 PM] protocol_canonM3.lvclass Entering Run
[10/27/2017 6:52 PM] protocol_canonM3.lvclass Entering Run
[10/27/2017 6:52 PM] protocol_canonM3.lvclass Entering Run
[10/27/2017 6:52 PM] protocol_canonM3.lvclass Entering Run
[10/27/2017 6:52 PM] protocol_canonM3.lvclass Entering Run
[10/27/2017 6:52 PM] protocol_canonM3.lvclass Entering Run
[10/27/2017 6:52 PM] protocol_canonM3.lvclass Entering Run
[10/27/2017 6:52 PM] protocol_canonM3.lvclass Entering Run
[10/27/2017 6:52 PM] protocol_canonM3.lvclass Entering Run
[10/27/2017 6:52 PM] protocol_canonM3.lvclass Entering Run
[10/27/2017 6:52 PM] protocol_canonM3.lvclass Entering Run
[10/27/2017 6:52 PM] protocol_canonM3.lvclass Entering Run
[10/27/2017 6:52 PM] protocol_canonM3.lvclass Entering Run
[10/27/2017 6:52 PM] protocol_canonM3.lvclass Entering Run
[10/27/2017 6:52 PM] protocol_canonM3.lvclass Entering Run
[10/27/2017 6:52 PM] protocol_canonM3.lvclass Entering Run
[10/27/2017 6:52 PM] protocol_canonM3.lvclass Entering Run
[10/27/2017 6:52 PM] protocol_canonM3.lvclass Entering Run
[10/27/2017 6:52 PM] protocol_canonM3.lvclass Entering Run
[10/27/2017 6:52 PM] protocol_canonM3.lvclass Entering Run
[10/27/2017 6:52 PM] protocol_canonM3.lvclass Entering Run
[10/27/2017 6:52 PM] protocol_canonM3.lvclass Entering Run
[10/27/2017 6:52 PM] protocol_canonM3.lvclass Entering Run
[10/27/2017 6:52 PM] protocol_canonM3.lvclass Entering Run
[10/27/2017 6:52 PM] protocol_canonM3.lvclass Entering Run
[10/27/2017 6:52 PM] protocol_canonM3.lvclass Entering Run
[10/27/2017 6:52 PM] protocol_canonM3.lvclass Entering Run
[10/27/2017 6:52 PM] protocol_canonM3.lvclass Entering Run
[10/27/2017 6:52 PM] protocol_canonM3.lvclass Entering Run
[10/27/2017 6:52 PM] protocol_canonM3.lvclass Entering Run
[10/27/2017 6:52 PM] protocol_canonM3.lvclass Entering Run
[10/27/2017 6:52 PM] protocol_canonM3.lvclass Entering Run
[10/27/2017 6:52 PM] protocol_canonM3.lvclass Entering Run
[10/27/2017 6:52 PM] protocol_canonM3.lvclass Entering Run
[10/27/2017 6:52 PM] protocol_canonM3.lvclass Entering Run
[10/27/2017 6:53 PM] protocol_canonM3.lvclass Entering Run
[10/27/2017 6:53 PM] protocol_canonM3.lvclass Entering Run
[10/27/2017 6:53 PM] protocol_canonM3.lvclass Entering Run
[10/27/2017 6:53 PM] protocol_canonM3.lvclass Entering Run
[10/27/2017 6:53 PM] protocol_canonM3.lvclass Entering Run
[10/27/2017 6:53 PM] protocol_canonM3.lvclass Entering Run
[10/27/2017 6:53 PM] protocol_canonM3.lvclass Entering Run
[10/27/2017 6:53 PM] protocol_canonM3.lvclass Entering Run
[10/27/2017 6:53 PM] protocol_canonM3.lvclass Entering Run
[10/27/2017 6:53 PM] protocol_canonM3.lvclass Entering Run
[10/27/2017 6:53 PM] protocol_canonM3.lvclass Entering Run
[10/27/2017 6:53 PM] protocol_canonM3.lvclass Entering Run
[10/27/2017 6:53 PM] protocol_canonM3.lvclass Entering Run
[10/27/2017 6:53 PM] protocol_canonM3.lvclass Entering Run
[10/27/2017 6:53 PM] protocol_canonM3.lvclass Entering Run
[10/27/2017 6:53 PM] protocol_canonM3.lvclass Entering Run
[10/27/2017 6:53 PM] protocol_canonM3.lvclass Entering Run
[10/27/2017 6:53 PM] protocol_canonM3.lvclass Entering Run
[10/27/2017 6:53 PM] protocol_canonM3.lvclass Entering Run
[10/27/2017 6:53 PM] protocol_canonM3.lvclass Entering Run
[10/27/2017 6:53 PM] protocol_canonM3.lvclass Entering Run
[10/27/2017 6:53 PM] protocol_canonM3.lvclass Entering Run
[10/27/2017 6:53 PM] protocol_canonM3.lvclass Entering Run
[10/27/2017 6:53 PM] protocol_canonM3.lvclass Entering Run
[10/27/2017 6:53 PM] protocol_canonM3.lvclass Entering Run
[10/27/2017 6:53 PM] protocol_canonM3.lvclass Entering Run
